#
# There is insufficient memory for the Java Runtime Environment to continue.
# Native memory allocation (malloc) failed to allocate 743376 bytes for Chunk::new
# Possible reasons:
#   The system is out of physical RAM or swap space
#   In 32 bit mode, the process size limit was hit
# Possible solutions:
#   Reduce memory load on the system
#   Increase physical memory or swap space
#   Check if swap backing store is full
#   Use 64 bit Java on a 64 bit OS
#   Decrease Java heap size (-Xmx/-Xms)
#   Decrease number of Java threads
#   Decrease Java thread stack sizes (-Xss)
#   Set larger code cache with -XX:ReservedCodeCacheSize=
# This output file may be truncated or incomplete.
#
#  Out of Memory Error (allocation.cpp:390), pid=3744, tid=0x000000000000124c
#
# JRE version: OpenJDK Runtime Environment (8.0_152-b01) (build 1.8.0_152-release-1136-b01)
# Java VM: OpenJDK 64-Bit Server VM (25.152-b01 mixed mode windows-amd64 compressed oops)
# Failed to write core dump. Minidumps are not enabled by default on client versions of Windows
#

---------------  T H R E A D  ---------------

Current thread (0x000000005623f800):  JavaThread "C2 CompilerThread0" daemon [_thread_in_native, id=4684, stack(0x0000000057a60000,0x0000000057b60000)]

Stack: [0x0000000057a60000,0x0000000057b60000]
[error occurred during error reporting (printing stack bounds), id 0xc0000005]

Native frames: (J=compiled Java code, j=interpreted, Vv=VM code, C=native code)


Current CompileTask:
C2:   6125 1396   !   4       java.net.URLClassLoader$1::run (63 bytes)


---------------  P R O C E S S  ---------------

Java Threads: ( => current thread )
  0x00000000599b9000 JavaThread "Cache worker for file hash cache (C:\Users\MAM\AndroidStudioProjects\JustJava\TicTacToe\.gradle\4.6\fileHashes)" [_thread_blocked, id=3896, stack(0x000000005b3a0000,0x000000005b4a0000)]
  0x0000000059836000 JavaThread "File lock request listener" [_thread_in_native, id=4420, stack(0x000000005b0e0000,0x000000005b1e0000)]
  0x00000000597cf800 JavaThread "Cache worker for file hash cache (C:\Users\MAM\.gradle\caches\4.6\fileHashes)" [_thread_blocked, id=3952, stack(0x000000005afd0000,0x000000005b0d0000)]
  0x000000005957f000 JavaThread "Stdin handler" [_thread_blocked, id=4216, stack(0x000000005a380000,0x000000005a480000)]
  0x0000000059592800 JavaThread "Asynchronous log dispatcher for DefaultDaemonConnection: socket connection from /127.0.0.1:50150 to /127.0.0.1:50151" [_thread_blocked, id=2492, stack(0x000000005abd0000,0x000000005acd0000)]
  0x00000000597d1800 JavaThread "Daemon worker" [_thread_in_vm, id=3740, stack(0x000000005aa00000,0x000000005ab00000)]
  0x0000000059596000 JavaThread "Cancel handler" [_thread_blocked, id=4688, stack(0x000000005a860000,0x000000005a960000)]
  0x00000000596d9000 JavaThread "Handler for socket connection from /127.0.0.1:50150 to /127.0.0.1:50151" [_thread_in_native, id=4084, stack(0x000000005a480000,0x000000005a580000)]
  0x00000000596d8000 JavaThread "Daemon" [_thread_blocked, id=4252, stack(0x000000005a190000,0x000000005a290000)]
  0x0000000059515800 JavaThread "Daemon periodic checks" [_thread_blocked, id=3240, stack(0x000000005a040000,0x000000005a140000)]
  0x00000000594c0800 JavaThread "Incoming local TCP Connector on port 50150" [_thread_in_native, id=3400, stack(0x0000000059ee0000,0x0000000059fe0000)]
  0x0000000057bbf000 JavaThread "Service Thread" daemon [_thread_blocked, id=4876, stack(0x00000000581f0000,0x00000000582f0000)]
  0x0000000057bbe000 JavaThread "C1 CompilerThread2" daemon [_thread_blocked, id=3432, stack(0x0000000058080000,0x0000000058180000)]
  0x0000000057bbb800 JavaThread "C2 CompilerThread1" daemon [_thread_in_native, id=1736, stack(0x0000000057f70000,0x0000000058070000)]
=>0x000000005623f800 JavaThread "C2 CompilerThread0" daemon [_thread_in_native, id=4684, stack(0x0000000057a60000,0x0000000057b60000)]
  0x000000005623c000 JavaThread "Attach Listener" daemon [_thread_blocked, id=5064, stack(0x0000000057910000,0x0000000057a10000)]
  0x000000005623a800 JavaThread "Signal Dispatcher" daemon [_thread_blocked, id=4192, stack(0x0000000057720000,0x0000000057820000)]
  0x0000000056218000 JavaThread "Finalizer" daemon [_thread_blocked, id=2956, stack(0x0000000057120000,0x0000000057220000)]
  0x00000000561d1000 JavaThread "Reference Handler" daemon [_thread_blocked, id=4820, stack(0x0000000057440000,0x0000000057540000)]
  0x000000000209e800 JavaThread "main" [_thread_blocked, id=3384, stack(0x0000000002210000,0x0000000002310000)]

Other Threads:
  0x00000000561c9000 VMThread [stack: 0x0000000057260000,0x0000000057360000] [id=836]
  0x0000000057bbf800 WatcherThread [stack: 0x00000000575d0000,0x00000000576d0000] [id=5084]

VM state:not at safepoint (normal execution)

VM Mutex/Monitor currently owned by a thread: None

Heap:
 PSYoungGen      total 34304K, used 17767K [0x00000000e0000000, 0x00000000e2400000, 0x0000000100000000)
  eden space 31744K, 48% used [0x00000000e0000000,0x00000000e0ee1da0,0x00000000e1f00000)
  from space 2560K, 98% used [0x00000000e1f00000,0x00000000e2178020,0x00000000e2180000)
  to   space 2560K, 0% used [0x00000000e2180000,0x00000000e2180000,0x00000000e2400000)
 ParOldGen       total 42496K, used 5898K [0x00000000a0000000, 0x00000000a2980000, 0x00000000e0000000)
  object space 42496K, 13% used [0x00000000a0000000,0x00000000a05c2aa0,0x00000000a2980000)
 Metaspace       used 15334K, capacity 15676K, committed 16000K, reserved 1062912K
  class space    used 2181K, capacity 2316K, committed 2432K, reserved 1048576K

Card table byte_map: [0x0000000011a80000,0x0000000011d90000] byte_map_base: 0x0000000011580000

Marking Bits: (ParMarkBitMap*) 0x0000000071db5aa0
 Begin Bits: [0x0000000012540000, 0x0000000013d40000)
 End Bits:   [0x0000000013d40000, 0x0000000015540000)

Polling page: 0x0000000000330000

CodeCache: size=245760Kb used=4818Kb max_used=4818Kb free=240941Kb
 bounds [0x00000000026c0000, 0x0000000002b80000, 0x00000000116c0000]
 total_blobs=1772 nmethods=1402 adapters=285
 compilation: enabled

Compilation events (10 events):
Event: 5.723 Thread 0x0000000057bbe000 1400       3       sun.misc.ProxyGenerator::access$900 (5 bytes)
Event: 5.724 Thread 0x0000000057bbe000 nmethod 1400 0x0000000002b74890 code [0x0000000002b74a00, 0x0000000002b74c68]
Event: 5.724 Thread 0x0000000057bbe000 1401       3       sun.misc.ProxyGenerator::code_aload (11 bytes)
Event: 5.724 Thread 0x0000000057bbe000 nmethod 1401 0x0000000002b6d6d0 code [0x0000000002b6d840, 0x0000000002b6d9e8]
Event: 5.724 Thread 0x0000000057bbe000 1404       3       java.lang.StringBuilder::append (8 bytes)
Event: 5.724 Thread 0x0000000057bbe000 nmethod 1404 0x0000000002b74d50 code [0x0000000002b74ec0, 0x0000000002b75048]
Event: 5.724 Thread 0x0000000057bbe000 1405       3       java.lang.AbstractStringBuilder::append (62 bytes)
Event: 5.726 Thread 0x0000000057bbe000 nmethod 1405 0x0000000002b750d0 code [0x0000000002b752c0, 0x0000000002b75bd8]
Event: 5.726 Thread 0x0000000057bbe000 1402       1       sun.misc.ProxyGenerator::access$800 (5 bytes)
Event: 5.726 Thread 0x0000000057bbe000 nmethod 1402 0x0000000002b760d0 code [0x0000000002b76220, 0x0000000002b76310]

GC Heap History (10 events):
Event: 1.187 GC heap before
{Heap before GC invocations=1 (full 0):
 PSYoungGen      total 18432K, used 15872K [0x00000000e0000000, 0x00000000e1480000, 0x0000000100000000)
  eden space 15872K, 100% used [0x00000000e0000000,0x00000000e0f80000,0x00000000e0f80000)
  from space 2560K, 0% used [0x00000000e1200000,0x00000000e1200000,0x00000000e1480000)
  to   space 2560K, 0% used [0x00000000e0f80000,0x00000000e0f80000,0x00000000e1200000)
 ParOldGen       total 42496K, used 0K [0x00000000a0000000, 0x00000000a2980000, 0x00000000e0000000)
  object space 42496K, 0% used [0x00000000a0000000,0x00000000a0000000,0x00000000a2980000)
 Metaspace       used 5736K, capacity 5854K, committed 5888K, reserved 1056768K
  class space    used 705K, capacity 747K, committed 768K, reserved 1048576K
Event: 1.197 GC heap after
Heap after GC invocations=1 (full 0):
 PSYoungGen      total 18432K, used 2536K [0x00000000e0000000, 0x00000000e1480000, 0x0000000100000000)
  eden space 15872K, 0% used [0x00000000e0000000,0x00000000e0000000,0x00000000e0f80000)
  from space 2560K, 99% used [0x00000000e0f80000,0x00000000e11fa270,0x00000000e1200000)
  to   space 2560K, 0% used [0x00000000e1200000,0x00000000e1200000,0x00000000e1480000)
 ParOldGen       total 42496K, used 209K [0x00000000a0000000, 0x00000000a2980000, 0x00000000e0000000)
  object space 42496K, 0% used [0x00000000a0000000,0x00000000a00347b8,0x00000000a2980000)
 Metaspace       used 5736K, capacity 5854K, committed 5888K, reserved 1056768K
  class space    used 705K, capacity 747K, committed 768K, reserved 1048576K
}
Event: 1.604 GC heap before
{Heap before GC invocations=2 (full 0):
 PSYoungGen      total 18432K, used 18408K [0x00000000e0000000, 0x00000000e1480000, 0x0000000100000000)
  eden space 15872K, 100% used [0x00000000e0000000,0x00000000e0f80000,0x00000000e0f80000)
  from space 2560K, 99% used [0x00000000e0f80000,0x00000000e11fa270,0x00000000e1200000)
  to   space 2560K, 0% used [0x00000000e1200000,0x00000000e1200000,0x00000000e1480000)
 ParOldGen       total 42496K, used 209K [0x00000000a0000000, 0x00000000a2980000, 0x00000000e0000000)
  object space 42496K, 0% used [0x00000000a0000000,0x00000000a00347b8,0x00000000a2980000)
 Metaspace       used 6636K, capacity 6766K, committed 7040K, reserved 1056768K
  class space    used 807K, capacity 875K, committed 896K, reserved 1048576K
Event: 1.628 GC heap after
Heap after GC invocations=2 (full 0):
 PSYoungGen      total 18432K, used 2553K [0x00000000e0000000, 0x00000000e2400000, 0x0000000100000000)
  eden space 15872K, 0% used [0x00000000e0000000,0x00000000e0000000,0x00000000e0f80000)
  from space 2560K, 99% used [0x00000000e1200000,0x00000000e147e608,0x00000000e1480000)
  to   space 2560K, 0% used [0x00000000e0f80000,0x00000000e0f80000,0x00000000e1200000)
 ParOldGen       total 42496K, used 319K [0x00000000a0000000, 0x00000000a2980000, 0x00000000e0000000)
  object space 42496K, 0% used [0x00000000a0000000,0x00000000a004fdf0,0x00000000a2980000)
 Metaspace       used 6636K, capacity 6766K, committed 7040K, reserved 1056768K
  class space    used 807K, capacity 875K, committed 896K, reserved 1048576K
}
Event: 1.926 GC heap before
{Heap before GC invocations=3 (full 0):
 PSYoungGen      total 18432K, used 18425K [0x00000000e0000000, 0x00000000e2400000, 0x0000000100000000)
  eden space 15872K, 100% used [0x00000000e0000000,0x00000000e0f80000,0x00000000e0f80000)
  from space 2560K, 99% used [0x00000000e1200000,0x00000000e147e608,0x00000000e1480000)
  to   space 2560K, 0% used [0x00000000e0f80000,0x00000000e0f80000,0x00000000e1200000)
 ParOldGen       total 42496K, used 319K [0x00000000a0000000, 0x00000000a2980000, 0x00000000e0000000)
  object space 42496K, 0% used [0x00000000a0000000,0x00000000a004fdf0,0x00000000a2980000)
 Metaspace       used 6886K, capacity 7016K, committed 7168K, reserved 1056768K
  class space    used 855K, capacity 916K, committed 1024K, reserved 1048576K
Event: 2.051 GC heap after
Heap after GC invocations=3 (full 0):
 PSYoungGen      total 18432K, used 2544K [0x00000000e0000000, 0x00000000e2400000, 0x0000000100000000)
  eden space 15872K, 0% used [0x00000000e0000000,0x00000000e0000000,0x00000000e0f80000)
  from space 2560K, 99% used [0x00000000e0f80000,0x00000000e11fc010,0x00000000e1200000)
  to   space 2560K, 0% used [0x00000000e2180000,0x00000000e2180000,0x00000000e2400000)
 ParOldGen       total 42496K, used 517K [0x00000000a0000000, 0x00000000a2980000, 0x00000000e0000000)
  object space 42496K, 1% used [0x00000000a0000000,0x00000000a0081418,0x00000000a2980000)
 Metaspace       used 6886K, capacity 7016K, committed 7168K, reserved 1056768K
  class space    used 855K, capacity 916K, committed 1024K, reserved 1048576K
}
Event: 3.171 GC heap before
{Heap before GC invocations=4 (full 0):
 PSYoungGen      total 18432K, used 18416K [0x00000000e0000000, 0x00000000e2400000, 0x0000000100000000)
  eden space 15872K, 100% used [0x00000000e0000000,0x00000000e0f80000,0x00000000e0f80000)
  from space 2560K, 99% used [0x00000000e0f80000,0x00000000e11fc010,0x00000000e1200000)
  to   space 2560K, 0% used [0x00000000e2180000,0x00000000e2180000,0x00000000e2400000)
 ParOldGen       total 42496K, used 517K [0x00000000a0000000, 0x00000000a2980000, 0x00000000e0000000)
  object space 42496K, 1% used [0x00000000a0000000,0x00000000a0081418,0x00000000a2980000)
 Metaspace       used 10456K, capacity 10728K, committed 11008K, reserved 1058816K
  class space    used 1364K, capacity 1486K, committed 1536K, reserved 1048576K
Event: 3.180 GC heap after
Heap after GC invocations=4 (full 0):
 PSYoungGen      total 34304K, used 2560K [0x00000000e0000000, 0x00000000e2400000, 0x0000000100000000)
  eden space 31744K, 0% used [0x00000000e0000000,0x00000000e0000000,0x00000000e1f00000)
  from space 2560K, 100% used [0x00000000e2180000,0x00000000e2400000,0x00000000e2400000)
  to   space 2560K, 0% used [0x00000000e1f00000,0x00000000e1f00000,0x00000000e2180000)
 ParOldGen       total 42496K, used 2335K [0x00000000a0000000, 0x00000000a2980000, 0x00000000e0000000)
  object space 42496K, 5% used [0x00000000a0000000,0x00000000a0247ef8,0x00000000a2980000)
 Metaspace       used 10456K, capacity 10728K, committed 11008K, reserved 1058816K
  class space    used 1364K, capacity 1486K, committed 1536K, reserved 1048576K
}
Event: 4.832 GC heap before
{Heap before GC invocations=5 (full 0):
 PSYoungGen      total 34304K, used 34304K [0x00000000e0000000, 0x00000000e2400000, 0x0000000100000000)
  eden space 31744K, 100% used [0x00000000e0000000,0x00000000e1f00000,0x00000000e1f00000)
  from space 2560K, 100% used [0x00000000e2180000,0x00000000e2400000,0x00000000e2400000)
  to   space 2560K, 0% used [0x00000000e1f00000,0x00000000e1f00000,0x00000000e2180000)
 ParOldGen       total 42496K, used 2335K [0x00000000a0000000, 0x00000000a2980000, 0x00000000e0000000)
  object space 42496K, 5% used [0x00000000a0000000,0x00000000a0247ef8,0x00000000a2980000)
 Metaspace       used 13712K, capacity 14012K, committed 14208K, reserved 1060864K
  class space    used 1912K, capacity 2060K, committed 2176K, reserved 1048576K
Event: 4.907 GC heap after
Heap after GC invocations=5 (full 0):
 PSYoungGen      total 34304K, used 2528K [0x00000000e0000000, 0x00000000e2400000, 0x0000000100000000)
  eden space 31744K, 0% used [0x00000000e0000000,0x00000000e0000000,0x00000000e1f00000)
  from space 2560K, 98% used [0x00000000e1f00000,0x00000000e2178020,0x00000000e2180000)
  to   space 2560K, 0% used [0x00000000e2180000,0x00000000e2180000,0x00000000e2400000)
 ParOldGen       total 42496K, used 5898K [0x00000000a0000000, 0x00000000a2980000, 0x00000000e0000000)
  object space 42496K, 13% used [0x00000000a0000000,0x00000000a05c2aa0,0x00000000a2980000)
 Metaspace       used 13712K, capacity 14012K, committed 14208K, reserved 1060864K
  class space    used 1912K, capacity 2060K, committed 2176K, reserved 1048576K
}

Deoptimization events (10 events):
Event: 2.423 Thread 0x000000000209e800 Uncommon trap: reason=bimorphic action=maybe_recompile pc=0x00000000029df54c method=java.util.HashMap.putVal(ILjava/lang/Object;Ljava/lang/Object;ZZ)Ljava/lang/Object; @ 203
Event: 2.631 Thread 0x000000000209e800 Uncommon trap: reason=unstable_if action=reinterpret pc=0x000000000298c788 method=java.io.WinNTFileSystem.normalize(Ljava/lang/String;)Ljava/lang/String; @ 128
Event: 2.631 Thread 0x000000000209e800 Uncommon trap: reason=unstable_if action=reinterpret pc=0x00000000029c7ca4 method=java.io.WinNTFileSystem.normalize(Ljava/lang/String;II)Ljava/lang/String; @ 90
Event: 3.775 Thread 0x00000000596d9000 Uncommon trap: reason=unstable_if action=reinterpret pc=0x0000000002aac81c method=java.util.concurrent.ConcurrentHashMap.putVal(Ljava/lang/Object;Ljava/lang/Object;Z)Ljava/lang/Object; @ 206
Event: 3.999 Thread 0x00000000597d1800 Uncommon trap: reason=bimorphic action=maybe_recompile pc=0x00000000029dee58 method=java.util.HashMap.putVal(ILjava/lang/Object;Ljava/lang/Object;ZZ)Ljava/lang/Object; @ 253
Event: 3.999 Thread 0x00000000597d1800 Uncommon trap: reason=bimorphic action=maybe_recompile pc=0x00000000029dee58 method=java.util.HashMap.putVal(ILjava/lang/Object;Ljava/lang/Object;ZZ)Ljava/lang/Object; @ 253
Event: 3.999 Thread 0x00000000597d1800 Uncommon trap: reason=bimorphic action=maybe_recompile pc=0x00000000029dee58 method=java.util.HashMap.putVal(ILjava/lang/Object;Ljava/lang/Object;ZZ)Ljava/lang/Object; @ 253
Event: 4.758 Thread 0x00000000597d1800 Uncommon trap: reason=class_check action=maybe_recompile pc=0x000000000291eecc method=java.util.regex.Matcher.match(II)Z @ 86
Event: 4.758 Thread 0x00000000597d1800 Uncommon trap: reason=class_check action=maybe_recompile pc=0x000000000291eecc method=java.util.regex.Matcher.match(II)Z @ 86
Event: 5.498 Thread 0x00000000597d1800 Uncommon trap: reason=unstable_if action=reinterpret pc=0x0000000002b148b4 method=java.lang.String.lastIndexOf([CII[CIII)I @ 66

Classes redefined (0 events):
No events

Internal exceptions (10 events):
Event: 3.812 Thread 0x00000000596d9000 Exception <a 'java/lang/NoSuchMethodError': <clinit>> (0x00000000e0537410) thrown at [D:\src\AOSP-openjdk-cygwin\jdk8u\hotspot\src\share\vm\prims\jni.cpp, line 1613]
Event: 3.815 Thread 0x00000000596d9000 Exception <a 'java/lang/NoSuchMethodError': <clinit>> (0x00000000e0548a60) thrown at [D:\src\AOSP-openjdk-cygwin\jdk8u\hotspot\src\share\vm\prims\jni.cpp, line 1613]
Event: 3.863 Thread 0x00000000596d9000 Exception <a 'java/lang/NoSuchMethodError': <clinit>> (0x00000000e05bc130) thrown at [D:\src\AOSP-openjdk-cygwin\jdk8u\hotspot\src\share\vm\prims\jni.cpp, line 1613]
Event: 3.868 Thread 0x00000000596d9000 Exception <a 'java/lang/NoSuchMethodError': <clinit>> (0x00000000e05e1380) thrown at [D:\src\AOSP-openjdk-cygwin\jdk8u\hotspot\src\share\vm\prims\jni.cpp, line 1613]
Event: 3.877 Thread 0x00000000596d9000 Exception <a 'java/lang/NoSuchMethodError': <clinit>> (0x00000000e060d448) thrown at [D:\src\AOSP-openjdk-cygwin\jdk8u\hotspot\src\share\vm\prims\jni.cpp, line 1613]
Event: 3.878 Thread 0x00000000596d9000 Exception <a 'java/lang/NoSuchMethodError': <clinit>> (0x00000000e06187e8) thrown at [D:\src\AOSP-openjdk-cygwin\jdk8u\hotspot\src\share\vm\prims\jni.cpp, line 1613]
Event: 3.881 Thread 0x00000000596d9000 Exception <a 'java/lang/NoSuchMethodError': <clinit>> (0x00000000e0624060) thrown at [D:\src\AOSP-openjdk-cygwin\jdk8u\hotspot\src\share\vm\prims\jni.cpp, line 1613]
Event: 3.887 Thread 0x00000000596d9000 Exception <a 'java/lang/NoSuchMethodError': <clinit>> (0x00000000e0645c00) thrown at [D:\src\AOSP-openjdk-cygwin\jdk8u\hotspot\src\share\vm\prims\jni.cpp, line 1613]
Event: 3.981 Thread 0x00000000597d1800 Exception <a 'java/lang/NoSuchMethodError': <clinit>> (0x00000000e073e448) thrown at [D:\src\AOSP-openjdk-cygwin\jdk8u\hotspot\src\share\vm\prims\jni.cpp, line 1613]
Event: 3.983 Thread 0x00000000597d1800 Exception <a 'java/lang/NoSuchMethodError': <clinit>> (0x00000000e07466d0) thrown at [D:\src\AOSP-openjdk-cygwin\jdk8u\hotspot\src\share\vm\prims\jni.cpp, line 1613]

Events (10 events):
Event: 6.036 loading class org/gradle/util/ConfigureUtil
Event: 6.036 loading class org/gradle/util/ConfigureUtil done
Event: 6.036 loading class org/gradle/api/internal/DependencyInjectingInstantiator$WithServiceRegistry
Event: 6.036 loading class org/gradle/api/internal/DependencyInjectingInstantiator$WithServiceRegistry done
Event: 6.037 loading class org/gradle/api/internal/provider/PropertyInternal
Event: 6.037 loading class org/gradle/api/internal/provider/PropertyInternal done
Event: 6.038 loading class org/gradle/api/internal/provider/ProviderInternal
Event: 6.038 loading class org/gradle/api/internal/provider/ProviderInternal done
Event: 6.039 loading class org/gradle/api/provider/Provider
Event: 6.039 loading class org/gradle/api/provider/Provider done


Dynamic libraries:
0x000000013f9e0000 - 0x000000013fa11000 	C:\Program Files\Android\Android Studio\jre\bin\java.exe
0x0000000077710000 - 0x00000000778ba000 	C:\Windows\SYSTEM32\ntdll.dll
0x00000000775f0000 - 0x000000007770f000 	C:\Windows\system32\kernel32.dll
0x000007fefd9b0000 - 0x000007fefda1b000 	C:\Windows\system32\KERNELBASE.dll
0x000007fefe240000 - 0x000007fefe31b000 	C:\Windows\system32\ADVAPI32.dll
0x000007feff510000 - 0x000007feff5af000 	C:\Windows\system32\msvcrt.dll
0x000007fefde30000 - 0x000007fefde4f000 	C:\Windows\SYSTEM32\sechost.dll
0x000007fefdd00000 - 0x000007fefde2d000 	C:\Windows\system32\RPCRT4.dll
0x00000000774f0000 - 0x00000000775ea000 	C:\Windows\system32\USER32.dll
0x000007feff410000 - 0x000007feff477000 	C:\Windows\system32\GDI32.dll
0x000007fefde50000 - 0x000007fefde5e000 	C:\Windows\system32\LPK.dll
0x000007feff5c0000 - 0x000007feff689000 	C:\Windows\system32\USP10.dll
0x000007fefc0e0000 - 0x000007fefc2d4000 	C:\Windows\WinSxS\amd64_microsoft.windows.common-controls_6595b64144ccf1df_6.0.7601.18837_none_fa3b1e3d17594757\COMCTL32.dll
0x000007fefdc80000 - 0x000007fefdcf1000 	C:\Windows\system32\SHLWAPI.dll
0x000007feff480000 - 0x000007feff4ae000 	C:\Windows\system32\IMM32.DLL
0x000007feff300000 - 0x000007feff409000 	C:\Windows\system32\MSCTF.dll
0x0000000074160000 - 0x0000000074232000 	C:\Program Files\Android\Android Studio\jre\jre\bin\msvcr100.dll
0x00000000715f0000 - 0x0000000071e31000 	C:\Program Files\Android\Android Studio\jre\jre\bin\server\jvm.dll
0x000007fef76e0000 - 0x000007fef76e9000 	C:\Windows\system32\WSOCK32.dll
0x000007fefe070000 - 0x000007fefe0bd000 	C:\Windows\system32\WS2_32.dll
0x000007feff5b0000 - 0x000007feff5b8000 	C:\Windows\system32\NSI.dll
0x000007fef7a30000 - 0x000007fef7a6b000 	C:\Windows\system32\WINMM.dll
0x000007fefc770000 - 0x000007fefc77c000 	C:\Windows\system32\VERSION.dll
0x00000000778e0000 - 0x00000000778e7000 	C:\Windows\system32\PSAPI.DLL
0x000007fefbfb0000 - 0x000007fefbfbf000 	C:\Program Files\Android\Android Studio\jre\jre\bin\verify.dll
0x000007fef4aa0000 - 0x000007fef4ac9000 	C:\Program Files\Android\Android Studio\jre\jre\bin\java.dll
0x000007fef4ae0000 - 0x000007fef4af6000 	C:\Program Files\Android\Android Studio\jre\jre\bin\zip.dll
0x000007fefe4d0000 - 0x000007feff25a000 	C:\Windows\system32\SHELL32.dll
0x000007fefde60000 - 0x000007fefe063000 	C:\Windows\system32\ole32.dll
0x000007fefd610000 - 0x000007fefd61f000 	C:\Windows\system32\profapi.dll
0x000007fef4a00000 - 0x000007fef4a1a000 	C:\Program Files\Android\Android Studio\jre\jre\bin\net.dll
0x000007fefce80000 - 0x000007fefced5000 	C:\Windows\system32\mswsock.dll
0x000007fefce70000 - 0x000007fefce77000 	C:\Windows\System32\wship6.dll
0x000007fef49a0000 - 0x000007fef49b1000 	C:\Program Files\Android\Android Studio\jre\jre\bin\nio.dll
0x000007fef77c0000 - 0x000007fef77de000 	C:\Users\MAM\.gradle\native\25\windows-amd64\native-platform.dll
0x000007fefbfc0000 - 0x000007fefbfcd000 	C:\Program Files\Android\Android Studio\jre\jre\bin\management.dll
0x000007fefcee0000 - 0x000007fefcef7000 	C:\Windows\system32\CRYPTSP.dll
0x000007fefcbe0000 - 0x000007fefcc27000 	C:\Windows\system32\rsaenh.dll
0x000007fefc960000 - 0x000007fefc97e000 	C:\Windows\system32\USERENV.dll
0x000007fefd540000 - 0x000007fefd54f000 	C:\Windows\system32\CRYPTBASE.dll
0x000007fefab90000 - 0x000007fefabb7000 	C:\Windows\system32\IPHLPAPI.DLL
0x000007fefab80000 - 0x000007fefab8b000 	C:\Windows\system32\WINNSI.DLL
0x000007fef8c40000 - 0x000007fef8c58000 	C:\Windows\system32\dhcpcsvc.DLL
0x000007fef8bc0000 - 0x000007fef8bd1000 	C:\Windows\system32\dhcpcsvc6.DLL

VM Arguments:
jvm_args: -Xmx1536m -Dfile.encoding=windows-1252 -Duser.country=US -Duser.language=en -Duser.variant 
java_command: org.gradle.launcher.daemon.bootstrap.GradleDaemon 4.6
java_class_path (initial): C:\Users\MAM\.gradle\wrapper\dists\gradle-4.6-all\bcst21l2brirad8k2ben1letg\gradle-4.6\lib\gradle-launcher-4.6.jar
Launcher Type: SUN_STANDARD

Environment Variables:
PATH=C:\ProgramData\Oracle\Java\javapath;C:\Windows\system32;C:\Windows;C:\Windows\System32\Wbem;C:\Windows\System32\WindowsPowerShell\v1.0\;C:\Program Files (x86)\Skype\Phone\;C:\Program Files\nodejs\;c:\Program Files\WIDCOMM\Bluetooth Software\;c:\Program Files\WIDCOMM\Bluetooth Software\syswow64;C:\Program Files\Git\cmd;c:\Apache24\bin;c:\php;C:\Users\MAM\AppData\Roaming\npm;C:\Program Files\Java\jdk-9.0.1\bin;C:\Program Files\Microsoft VS Code\bin
USERNAME=MAM
OS=Windows_NT
PROCESSOR_IDENTIFIER=Intel64 Family 6 Model 37 Stepping 5, GenuineIntel



---------------  S Y S T E M  ---------------

OS: Windows 7 , 64 bit Build 7601 (6.1.7601.19135)

CPU:total 4 (initial active 4) (2 cores per cpu, 2 threads per core) family 6 model 37 stepping 5, cmov, cx8, fxsr, mmx, sse, sse2, sse3, ssse3, sse4.1, sse4.2, popcnt, aes, clmul, ht, tsc, tscinvbit

Memory: 4k page, physical 3980676k(998916k free), swap 5461724k(5072k free)

vm_info: OpenJDK 64-Bit Server VM (25.152-b01) for windows-amd64 JRE (1.8.0_152-release-1136-b01), built by "builder" with MS VC++ 10.0 (VS2010)

time: Sun Apr 15 21:16:52 2018
elapsed time: 6 seconds (0d 0h 0m 6s)

