#
# There is insufficient memory for the Java Runtime Environment to continue.
# Native memory allocation (malloc) failed to allocate 1117536 bytes for Chunk::new
# Possible reasons:
#   The system is out of physical RAM or swap space
#   In 32 bit mode, the process size limit was hit
# Possible solutions:
#   Reduce memory load on the system
#   Increase physical memory or swap space
#   Check if swap backing store is full
#   Use 64 bit Java on a 64 bit OS
#   Decrease Java heap size (-Xmx/-Xms)
#   Decrease number of Java threads
#   Decrease Java thread stack sizes (-Xss)
#   Set larger code cache with -XX:ReservedCodeCacheSize=
# This output file may be truncated or incomplete.
#
#  Out of Memory Error (allocation.cpp:390), pid=7368, tid=0x0000000000001c44
#
# JRE version: OpenJDK Runtime Environment (8.0_152-b01) (build 1.8.0_152-release-1136-b01)
# Java VM: OpenJDK 64-Bit Server VM (25.152-b01 mixed mode windows-amd64 compressed oops)
# Failed to write core dump. Minidumps are not enabled by default on client versions of Windows
#

---------------  T H R E A D  ---------------

Current thread (0x000000005639e000):  JavaThread "C2 CompilerThread1" daemon [_thread_in_native, id=7236, stack(0x00000000582a0000,0x00000000583a0000)]

Stack: [0x00000000582a0000,0x00000000583a0000]
[error occurred during error reporting (printing stack bounds), id 0xc0000005]

Native frames: (J=compiled Java code, j=interpreted, Vv=VM code, C=native code)


Current CompileTask:
C2: 191084 17119       4       java.io.ObjectOutputStream::writeClassDesc (60 bytes)


---------------  P R O C E S S  ---------------

Java Threads: ( => current thread )
  0x0000000059e8d800 JavaThread "ForkJoinPool.commonPool-worker-29" daemon [_thread_new, id=7760, stack(0x0000000000000000,0x0000000000000000)]
  0x0000000059e8a800 JavaThread "stdout" [_thread_in_native, id=7904, stack(0x00000000641f0000,0x00000000642f0000)]
  0x0000000059e8f000 JavaThread "stderr" [_thread_in_native, id=4404, stack(0x00000000649e0000,0x0000000064ae0000)]
  0x0000000059e8c000 JavaThread "pool-16-thread-1" [_thread_blocked, id=5396, stack(0x00000000640f0000,0x00000000641f0000)]
  0x0000000059e8a000 JavaThread "Cache worker for Build Output Cleanup Cache (C:\Users\MAM\AndroidStudioProjects\JustJava\TicTacToe\.gradle\buildOutputCleanup)" [_thread_blocked, id=7640, stack(0x000000005b020000,0x000000005b120000)]
  0x000000005c1b5000 JavaThread "Cache worker for task history cache (C:\Users\MAM\AndroidStudioProjects\JustJava\TicTacToe\.gradle\4.5\taskHistory)" [_thread_blocked, id=448, stack(0x0000000061ab0000,0x0000000061bb0000)]
  0x000000005c1b4000 JavaThread "Cache worker for file content cache (C:\Users\MAM\AndroidStudioProjects\JustJava\TicTacToe\.gradle\4.5\fileContent)" [_thread_blocked, id=7476, stack(0x00000000645c0000,0x00000000646c0000)]
  0x000000005c1b3800 JavaThread "Build operations Thread 4" [_thread_blocked, id=8068, stack(0x0000000064480000,0x0000000064580000)]
  0x000000005c1b2800 JavaThread "Build operations Thread 3" [_thread_blocked, id=3596, stack(0x0000000064310000,0x0000000064410000)]
  0x000000005c1b2000 JavaThread "Build operations Thread 2" [_thread_blocked, id=7508, stack(0x0000000063df0000,0x0000000063ef0000)]
  0x000000005c1b1000 JavaThread "Build operations" [_thread_blocked, id=5192, stack(0x000000005d8d0000,0x000000005d9d0000)]
  0x0000000066fcf000 JavaThread "Cache worker for Artifact transforms cache (C:\Users\MAM\.gradle\caches\transforms-1)" [_thread_blocked, id=6932, stack(0x0000000061530000,0x0000000061630000)]
  0x0000000066fcd800 JavaThread "Cache worker for file hash cache (C:\Users\MAM\AndroidStudioProjects\JustJava\TicTacToe\.gradle\4.5\fileHashes)" [_thread_blocked, id=5960, stack(0x00000000613a0000,0x00000000614a0000)]
  0x0000000066fce800 JavaThread "Stdin handler" [_thread_blocked, id=5928, stack(0x000000005f6b0000,0x000000005f7b0000)]
  0x0000000066fd1800 JavaThread "Asynchronous log dispatcher for DefaultDaemonConnection: socket connection from /127.0.0.1:51070 to /127.0.0.1:51079" [_thread_in_native, id=6964, stack(0x000000005ac30000,0x000000005ad30000)]
  0x0000000066fd2800 JavaThread "Cancel handler" [_thread_blocked, id=5944, stack(0x000000005c350000,0x000000005c450000)]
  0x0000000066fcd000 JavaThread "Handler for socket connection from /127.0.0.1:51070 to /127.0.0.1:51079" [_thread_in_native, id=652, stack(0x000000005aed0000,0x000000005afd0000)]
  0x00000000580d2000 JavaThread "Memory manager" [_thread_blocked, id=3688, stack(0x0000000062f60000,0x0000000063060000)]
  0x00000000580d1800 JavaThread "pool-1-thread-1" [_thread_blocked, id=1400, stack(0x0000000061c10000,0x0000000061d10000)]
  0x0000000059a13000 JavaThread "File lock request listener" [_thread_in_native, id=7604, stack(0x0000000058410000,0x0000000058510000)]
  0x0000000059754000 JavaThread "Cache worker for file hash cache (C:\Users\MAM\.gradle\caches\4.5\fileHashes)" [_thread_blocked, id=4256, stack(0x000000005ad30000,0x000000005ae30000)]
  0x0000000058af4800 JavaThread "Daemon worker" [_thread_blocked, id=7800, stack(0x000000005aaf0000,0x000000005abf0000)]
  0x0000000058b67000 JavaThread "Daemon" [_thread_blocked, id=7564, stack(0x000000005a7d0000,0x000000005a8d0000)]
  0x0000000058b62000 JavaThread "Daemon periodic checks" [_thread_blocked, id=6352, stack(0x000000005a6c0000,0x000000005a7c0000)]
  0x0000000058bcb000 JavaThread "Incoming local TCP Connector on port 51070" [_thread_in_native, id=8144, stack(0x000000005a4f0000,0x000000005a5f0000)]
  0x0000000057eb3000 JavaThread "Service Thread" daemon [_thread_blocked, id=5172, stack(0x0000000058510000,0x0000000058610000)]
  0x000000005639f000 JavaThread "C1 CompilerThread2" daemon [_thread_blocked, id=5508, stack(0x0000000057630000,0x0000000057730000)]
=>0x000000005639e000 JavaThread "C2 CompilerThread1" daemon [_thread_in_native, id=7236, stack(0x00000000582a0000,0x00000000583a0000)]
  0x0000000056393800 JavaThread "C2 CompilerThread0" daemon [_thread_in_native, id=1784, stack(0x0000000057d40000,0x0000000057e40000)]
  0x0000000056390000 JavaThread "Attach Listener" daemon [_thread_blocked, id=7276, stack(0x0000000057bb0000,0x0000000057cb0000)]
  0x000000005638e800 JavaThread "Signal Dispatcher" daemon [_thread_blocked, id=6424, stack(0x00000000579d0000,0x0000000057ad0000)]
  0x0000000056378000 JavaThread "Finalizer" daemon [_thread_blocked, id=5704, stack(0x00000000577a0000,0x00000000578a0000)]
  0x0000000056330800 JavaThread "Reference Handler" daemon [_thread_blocked, id=3604, stack(0x0000000057530000,0x0000000057630000)]
  0x000000000035e800 JavaThread "main" [_thread_blocked, id=6900, stack(0x0000000002340000,0x0000000002440000)]

Other Threads:
  0x0000000056329000 VMThread [stack: 0x0000000057310000,0x0000000057410000] [id=1768]
  0x0000000057eb4000 WatcherThread [stack: 0x00000000586f0000,0x00000000587f0000] [id=7772]

VM state:not at safepoint (normal execution)

VM Mutex/Monitor currently owned by a thread: None

Heap:
 PSYoungGen      total 390144K, used 300886K [0x00000000e0000000, 0x00000000fce00000, 0x0000000100000000)
  eden space 357376K, 82% used [0x00000000e0000000,0x00000000f1f3f478,0x00000000f5d00000)
  from space 32768K, 20% used [0x00000000f5d00000,0x00000000f63965c0,0x00000000f7d00000)
  to   space 32256K, 0% used [0x00000000fae80000,0x00000000fae80000,0x00000000fce00000)
 ParOldGen       total 117760K, used 62075K [0x00000000a0000000, 0x00000000a7300000, 0x00000000e0000000)
  object space 117760K, 52% used [0x00000000a0000000,0x00000000a3c9ec80,0x00000000a7300000)
 Metaspace       used 80442K, capacity 83774K, committed 84056K, reserved 1122304K
  class space    used 10364K, capacity 11058K, committed 11136K, reserved 1048576K

Card table byte_map: [0x0000000011ad0000,0x0000000011de0000] byte_map_base: 0x00000000115d0000

Marking Bits: (ParMarkBitMap*) 0x000000005e3f5aa0
 Begin Bits: [0x00000000126a0000, 0x0000000013ea0000)
 End Bits:   [0x0000000013ea0000, 0x00000000156a0000)

Polling page: 0x0000000000230000

CodeCache: size=245760Kb used=42217Kb max_used=42431Kb free=203542Kb
 bounds [0x0000000002710000, 0x00000000050c0000, 0x0000000011710000]
 total_blobs=14294 nmethods=13453 adapters=751
 compilation: enabled

Compilation events (10 events):
Event: 191.033 Thread 0x000000005639f000 17165       3       java.lang.Throwable$WrappedPrintWriter::println (9 bytes)
Event: 191.033 Thread 0x0000000056393800 nmethod 17113 0x0000000003703190 code [0x0000000003703580, 0x0000000003705960]
Event: 191.033 Thread 0x0000000056393800 17143 %     4       org.gradle.internal.logging.text.AbstractLineChoppingStyledTextOutput::doAppend @ 10 (43 bytes)
Event: 191.033 Thread 0x000000005639f000 nmethod 17165 0x000000000334a610 code [0x000000000334a780, 0x000000000334a9a8]
Event: 191.034 Thread 0x000000005639f000 17166   !   3       java.io.PrintWriter::println (34 bytes)
Event: 191.035 Thread 0x000000005639f000 nmethod 17166 0x00000000032b2cd0 code [0x00000000032b2ea0, 0x00000000032b37c8]
Event: 191.035 Thread 0x000000005639f000 17167       3       java.lang.StackTraceElement::toString (140 bytes)
Event: 191.037 Thread 0x000000005639f000 nmethod 17167 0x0000000003308e50 code [0x0000000003309180, 0x000000000330ad68]
Event: 191.037 Thread 0x000000005639f000 17168       3       java.lang.StackTraceElement::isNativeMethod (15 bytes)
Event: 191.037 Thread 0x000000005639f000 nmethod 17168 0x0000000003b4ef50 code [0x0000000003b4f0a0, 0x0000000003b4f250]

GC Heap History (10 events):
Event: 120.351 GC heap before
{Heap before GC invocations=25 (full 3):
 PSYoungGen      total 325120K, used 321671K [0x00000000e0000000, 0x00000000f9980000, 0x0000000100000000)
  eden space 298496K, 100% used [0x00000000e0000000,0x00000000f2380000,0x00000000f2380000)
  from space 26624K, 87% used [0x00000000f2380000,0x00000000f3a21d20,0x00000000f3d80000)
  to   space 29184K, 0% used [0x00000000f7d00000,0x00000000f7d00000,0x00000000f9980000)
 ParOldGen       total 76288K, used 51592K [0x00000000a0000000, 0x00000000a4a80000, 0x00000000e0000000)
  object space 76288K, 67% used [0x00000000a0000000,0x00000000a3262108,0x00000000a4a80000)
 Metaspace       used 75421K, capacity 78408K, committed 78680K, reserved 1118208K
  class space    used 9880K, capacity 10527K, committed 10624K, reserved 1048576K
Event: 120.401 GC heap after
Heap after GC invocations=25 (full 3):
 PSYoungGen      total 388096K, used 21453K [0x00000000e0000000, 0x00000000f9f80000, 0x0000000100000000)
  eden space 358912K, 0% used [0x00000000e0000000,0x00000000e0000000,0x00000000f5e80000)
  from space 29184K, 73% used [0x00000000f7d00000,0x00000000f91f3470,0x00000000f9980000)
  to   space 31232K, 0% used [0x00000000f5e80000,0x00000000f5e80000,0x00000000f7d00000)
 ParOldGen       total 76288K, used 53308K [0x00000000a0000000, 0x00000000a4a80000, 0x00000000e0000000)
  object space 76288K, 69% used [0x00000000a0000000,0x00000000a340f188,0x00000000a4a80000)
 Metaspace       used 75421K, capacity 78408K, committed 78680K, reserved 1118208K
  class space    used 9880K, capacity 10527K, committed 10624K, reserved 1048576K
}
Event: 122.185 GC heap before
{Heap before GC invocations=26 (full 3):
 PSYoungGen      total 388096K, used 380365K [0x00000000e0000000, 0x00000000f9f80000, 0x0000000100000000)
  eden space 358912K, 100% used [0x00000000e0000000,0x00000000f5e80000,0x00000000f5e80000)
  from space 29184K, 73% used [0x00000000f7d00000,0x00000000f91f3470,0x00000000f9980000)
  to   space 31232K, 0% used [0x00000000f5e80000,0x00000000f5e80000,0x00000000f7d00000)
 ParOldGen       total 76288K, used 53308K [0x00000000a0000000, 0x00000000a4a80000, 0x00000000e0000000)
  object space 76288K, 69% used [0x00000000a0000000,0x00000000a340f188,0x00000000a4a80000)
 Metaspace       used 75480K, capacity 78472K, committed 78680K, reserved 1118208K
  class space    used 9880K, capacity 10527K, committed 10624K, reserved 1048576K
Event: 122.241 GC heap after
Heap after GC invocations=26 (full 3):
 PSYoungGen      total 390144K, used 16241K [0x00000000e0000000, 0x00000000f9f80000, 0x0000000100000000)
  eden space 358912K, 0% used [0x00000000e0000000,0x00000000e0000000,0x00000000f5e80000)
  from space 31232K, 52% used [0x00000000f5e80000,0x00000000f6e5c570,0x00000000f7d00000)
  to   space 29184K, 0% used [0x00000000f7d00000,0x00000000f7d00000,0x00000000f9980000)
 ParOldGen       total 76288K, used 59875K [0x00000000a0000000, 0x00000000a4a80000, 0x00000000e0000000)
  object space 76288K, 78% used [0x00000000a0000000,0x00000000a3a78e40,0x00000000a4a80000)
 Metaspace       used 75480K, capacity 78472K, committed 78680K, reserved 1118208K
  class space    used 9880K, capacity 10527K, committed 10624K, reserved 1048576K
}
Event: 139.615 GC heap before
{Heap before GC invocations=27 (full 3):
 PSYoungGen      total 390144K, used 375153K [0x00000000e0000000, 0x00000000f9f80000, 0x0000000100000000)
  eden space 358912K, 100% used [0x00000000e0000000,0x00000000f5e80000,0x00000000f5e80000)
  from space 31232K, 52% used [0x00000000f5e80000,0x00000000f6e5c570,0x00000000f7d00000)
  to   space 29184K, 0% used [0x00000000f7d00000,0x00000000f7d00000,0x00000000f9980000)
 ParOldGen       total 76288K, used 59875K [0x00000000a0000000, 0x00000000a4a80000, 0x00000000e0000000)
  object space 76288K, 78% used [0x00000000a0000000,0x00000000a3a78e40,0x00000000a4a80000)
 Metaspace       used 76183K, capacity 79178K, committed 79448K, reserved 1118208K
  class space    used 9937K, capacity 10584K, committed 10624K, reserved 1048576K
Event: 139.731 GC heap after
Heap after GC invocations=27 (full 3):
 PSYoungGen      total 386560K, used 24605K [0x00000000e0000000, 0x00000000fe500000, 0x0000000100000000)
  eden space 357376K, 0% used [0x00000000e0000000,0x00000000e0000000,0x00000000f5d00000)
  from space 29184K, 84% used [0x00000000f7d00000,0x00000000f9507710,0x00000000f9980000)
  to   space 32768K, 0% used [0x00000000f5d00000,0x00000000f5d00000,0x00000000f7d00000)
 ParOldGen       total 76288K, used 66695K [0x00000000a0000000, 0x00000000a4a80000, 0x00000000e0000000)
  object space 76288K, 87% used [0x00000000a0000000,0x00000000a4121ff8,0x00000000a4a80000)
 Metaspace       used 76183K, capacity 79178K, committed 79448K, reserved 1118208K
  class space    used 9937K, capacity 10584K, committed 10624K, reserved 1048576K
}
Event: 139.731 GC heap before
{Heap before GC invocations=28 (full 4):
 PSYoungGen      total 386560K, used 24605K [0x00000000e0000000, 0x00000000fe500000, 0x0000000100000000)
  eden space 357376K, 0% used [0x00000000e0000000,0x00000000e0000000,0x00000000f5d00000)
  from space 29184K, 84% used [0x00000000f7d00000,0x00000000f9507710,0x00000000f9980000)
  to   space 32768K, 0% used [0x00000000f5d00000,0x00000000f5d00000,0x00000000f7d00000)
 ParOldGen       total 76288K, used 66695K [0x00000000a0000000, 0x00000000a4a80000, 0x00000000e0000000)
  object space 76288K, 87% used [0x00000000a0000000,0x00000000a4121ff8,0x00000000a4a80000)
 Metaspace       used 76183K, capacity 79178K, committed 79448K, reserved 1118208K
  class space    used 9937K, capacity 10584K, committed 10624K, reserved 1048576K
Event: 140.262 GC heap after
Heap after GC invocations=28 (full 4):
 PSYoungGen      total 386560K, used 0K [0x00000000e0000000, 0x00000000fe500000, 0x0000000100000000)
  eden space 357376K, 0% used [0x00000000e0000000,0x00000000e0000000,0x00000000f5d00000)
  from space 29184K, 0% used [0x00000000f7d00000,0x00000000f7d00000,0x00000000f9980000)
  to   space 32768K, 0% used [0x00000000f5d00000,0x00000000f5d00000,0x00000000f7d00000)
 ParOldGen       total 117760K, used 62067K [0x00000000a0000000, 0x00000000a7300000, 0x00000000e0000000)
  object space 117760K, 52% used [0x00000000a0000000,0x00000000a3c9cc80,0x00000000a7300000)
 Metaspace       used 76165K, capacity 79128K, committed 79448K, reserved 1118208K
  class space    used 9931K, capacity 10573K, committed 10624K, reserved 1048576K
}
Event: 149.095 GC heap before
{Heap before GC invocations=29 (full 4):
 PSYoungGen      total 386560K, used 357131K [0x00000000e0000000, 0x00000000fe500000, 0x0000000100000000)
  eden space 357376K, 99% used [0x00000000e0000000,0x00000000f5cc2d80,0x00000000f5d00000)
  from space 29184K, 0% used [0x00000000f7d00000,0x00000000f7d00000,0x00000000f9980000)
  to   space 32768K, 0% used [0x00000000f5d00000,0x00000000f5d00000,0x00000000f7d00000)
 ParOldGen       total 117760K, used 62067K [0x00000000a0000000, 0x00000000a7300000, 0x00000000e0000000)
  object space 117760K, 52% used [0x00000000a0000000,0x00000000a3c9cc80,0x00000000a7300000)
 Metaspace       used 76820K, capacity 79882K, committed 80088K, reserved 1118208K
  class space    used 10009K, capacity 10662K, committed 10752K, reserved 1048576K
Event: 149.114 GC heap after
Heap after GC invocations=29 (full 4):
 PSYoungGen      total 390144K, used 6745K [0x00000000e0000000, 0x00000000fce00000, 0x0000000100000000)
  eden space 357376K, 0% used [0x00000000e0000000,0x00000000e0000000,0x00000000f5d00000)
  from space 32768K, 20% used [0x00000000f5d00000,0x00000000f63965c0,0x00000000f7d00000)
  to   space 32256K, 0% used [0x00000000fae80000,0x00000000fae80000,0x00000000fce00000)
 ParOldGen       total 117760K, used 62075K [0x00000000a0000000, 0x00000000a7300000, 0x00000000e0000000)
  object space 117760K, 52% used [0x00000000a0000000,0x00000000a3c9ec80,0x00000000a7300000)
 Metaspace       used 76820K, capacity 79882K, committed 80088K, reserved 1118208K
  class space    used 10009K, capacity 10662K, committed 10752K, reserved 1048576K
}

Deoptimization events (10 events):
Event: 189.957 Thread 0x000000005c1b1000 Uncommon trap: reason=unstable_if action=reinterpret pc=0x0000000003bd3aac method=java.util.concurrent.ConcurrentLinkedQueue.offer(Ljava/lang/Object;)Z @ 40
Event: 190.770 Thread 0x0000000059e8d000 Uncommon trap: reason=class_check action=maybe_recompile pc=0x0000000003de4a04 method=java.io.PrintWriter.write(Ljava/lang/String;II)V @ 19
Event: 190.771 Thread 0x0000000059e8d000 Uncommon trap: reason=class_check action=maybe_recompile pc=0x0000000003de4a04 method=java.io.PrintWriter.write(Ljava/lang/String;II)V @ 19
Event: 190.771 Thread 0x0000000059e8d000 Uncommon trap: reason=class_check action=maybe_recompile pc=0x0000000003de4a04 method=java.io.PrintWriter.write(Ljava/lang/String;II)V @ 19
Event: 190.771 Thread 0x0000000059e8d000 Uncommon trap: reason=class_check action=maybe_recompile pc=0x0000000003de4a04 method=java.io.PrintWriter.write(Ljava/lang/String;II)V @ 19
Event: 190.771 Thread 0x0000000059e8d000 Uncommon trap: reason=class_check action=maybe_recompile pc=0x0000000003de0c64 method=java.io.PrintWriter.write(Ljava/lang/String;II)V @ 19
Event: 190.776 Thread 0x0000000059e8d000 Uncommon trap: reason=unstable_if action=reinterpret pc=0x000000000508a074 method=java.io.ObjectOutputStream.writeString(Ljava/lang/String;Z)V @ 31
Event: 190.893 Thread 0x0000000058af4800 Uncommon trap: reason=unstable_if action=reinterpret pc=0x0000000004984614 method=org.gradle.internal.logging.text.AbstractLineChoppingStyledTextOutput$2.execute(Lorg/gradle/internal/logging/text/AbstractLineChoppingStyledTextOutput$StateContext;)V @ 30
Event: 190.893 Thread 0x0000000058af4800 Uncommon trap: reason=unstable_if action=reinterpret pc=0x0000000002ae38f4 method=org.gradle.internal.logging.text.AbstractLineChoppingStyledTextOutput$2.execute(Lorg/gradle/internal/logging/text/AbstractLineChoppingStyledTextOutput$StateContext;)V @ 30
Event: 190.894 Thread 0x0000000058af4800 Uncommon trap: reason=unstable_if action=reinterpret pc=0x0000000002ae4394 method=org.gradle.internal.logging.text.AbstractLineChoppingStyledTextOutput$2.execute(Lorg/gradle/internal/logging/text/AbstractLineChoppingStyledTextOutput$StateContext;)V @ 30

Classes redefined (0 events):
No events

Internal exceptions (10 events):
Event: 187.062 Thread 0x0000000058af4800 Implicit null exception at 0x0000000003e7980a to 0x0000000003e79b5d
Event: 187.190 Thread 0x0000000058af4800 Exception <a 'java/lang/ClassNotFoundException': sync_local_repo221_345rhg3bfsws1456gxqmidx1cBeanInfo> (0x00000000ea5aa778) thrown at [D:\src\AOSP-openjdk-cygwin\jdk8u\hotspot\src\share\vm\classfile\systemDictionary.cpp, line 210]
Event: 187.191 Thread 0x0000000058af4800 Exception <a 'java/lang/ClassNotFoundException': sync_local_repo221_345rhg3bfsws1456gxqmidx1cCustomizer> (0x00000000ea5b6148) thrown at [D:\src\AOSP-openjdk-cygwin\jdk8u\hotspot\src\share\vm\classfile\systemDictionary.cpp, line 210]
Event: 188.944 Thread 0x0000000058af4800 Exception <a 'sun/nio/fs/WindowsException'> (0x00000000eedcddd8) thrown at [D:\src\AOSP-openjdk-cygwin\jdk8u\hotspot\src\share\vm\prims\jni.cpp, line 709]
Event: 188.948 Thread 0x0000000058af4800 Exception <a 'sun/nio/fs/WindowsException'> (0x00000000eedd9e30) thrown at [D:\src\AOSP-openjdk-cygwin\jdk8u\hotspot\src\share\vm\prims\jni.cpp, line 709]
Event: 189.324 Thread 0x0000000058af4800 Implicit null exception at 0x00000000032ec067 to 0x00000000032ec81d
Event: 190.765 Thread 0x0000000059e8d000 Exception <a 'java/lang/reflect/InvocationTargetException'> (0x00000000f07d45a8) thrown at [D:\src\AOSP-openjdk-cygwin\jdk8u\hotspot\src\share\vm\runtime\reflection.cpp, line 1092]
Event: 190.774 Thread 0x0000000059e8d000 Exception <a 'java/lang/NoSuchMethodError': <clinit>> (0x00000000f09cb8f0) thrown at [D:\src\AOSP-openjdk-cygwin\jdk8u\hotspot\src\share\vm\prims\jni.cpp, line 1613]
Event: 190.776 Thread 0x0000000059e8d000 Exception <a 'java/lang/NoSuchMethodError': <clinit>> (0x00000000f0a5f278) thrown at [D:\src\AOSP-openjdk-cygwin\jdk8u\hotspot\src\share\vm\prims\jni.cpp, line 1613]
Event: 190.807 Thread 0x0000000059e8d000 Exception <a 'java/lang/NoSuchMethodError': <clinit>> (0x00000000f0e4a798) thrown at [D:\src\AOSP-openjdk-cygwin\jdk8u\hotspot\src\share\vm\prims\jni.cpp, line 1613]

Events (10 events):
Event: 190.893 Thread 0x0000000058af4800 DEOPT UNPACKING pc=0x000000000275557b sp=0x000000005abebf50 mode 2
Event: 190.893 Thread 0x0000000058af4800 Uncommon trap: trap_request=0xffffff65 fr.pc=0x0000000002ae38f4
Event: 190.893 Thread 0x0000000058af4800 DEOPT PACKING pc=0x0000000002ae38f4 sp=0x000000005abec0b0
Event: 190.894 Thread 0x0000000058af4800 DEOPT UNPACKING pc=0x000000000275557b sp=0x000000005abebf48 mode 2
Event: 190.894 Thread 0x0000000058af4800 Uncommon trap: trap_request=0xffffff65 fr.pc=0x0000000002ae4394
Event: 190.894 Thread 0x0000000058af4800 DEOPT PACKING pc=0x0000000002ae4394 sp=0x000000005abec050
Event: 190.894 Thread 0x0000000058af4800 DEOPT UNPACKING pc=0x000000000275557b sp=0x000000005abebf48 mode 2
Event: 191.018 loading class org/gradle/internal/buildevents/BuildExceptionReporter$2
Event: 191.018 loading class org/gradle/internal/buildevents/BuildExceptionReporter$2 done
Event: 191.021 Thread 0x0000000059e8d800 Thread added: 0x0000000059e8d800


Dynamic libraries:
0x000000013ffe0000 - 0x0000000140011000 	C:\Program Files\Android\Android Studio\jre\bin\java.exe
0x0000000077480000 - 0x000000007762a000 	C:\Windows\SYSTEM32\ntdll.dll
0x0000000077260000 - 0x000000007737f000 	C:\Windows\system32\kernel32.dll
0x000007fefd6e0000 - 0x000007fefd74b000 	C:\Windows\system32\KERNELBASE.dll
0x000007fefe240000 - 0x000007fefe31b000 	C:\Windows\system32\ADVAPI32.dll
0x000007fefe130000 - 0x000007fefe1cf000 	C:\Windows\system32\msvcrt.dll
0x000007fefe320000 - 0x000007fefe33f000 	C:\Windows\SYSTEM32\sechost.dll
0x000007fefdef0000 - 0x000007fefe01d000 	C:\Windows\system32\RPCRT4.dll
0x0000000077380000 - 0x000000007747a000 	C:\Windows\system32\USER32.dll
0x000007fefe1d0000 - 0x000007fefe237000 	C:\Windows\system32\GDI32.dll
0x000007fefdcd0000 - 0x000007fefdcde000 	C:\Windows\system32\LPK.dll
0x000007feff410000 - 0x000007feff4d9000 	C:\Windows\system32\USP10.dll
0x000007fefbdf0000 - 0x000007fefbfe4000 	C:\Windows\WinSxS\amd64_microsoft.windows.common-controls_6595b64144ccf1df_6.0.7601.18837_none_fa3b1e3d17594757\COMCTL32.dll
0x000007fefde70000 - 0x000007fefdee1000 	C:\Windows\system32\SHLWAPI.dll
0x000007fefd8a0000 - 0x000007fefd8ce000 	C:\Windows\system32\IMM32.DLL
0x000007fefe020000 - 0x000007fefe129000 	C:\Windows\system32\MSCTF.dll
0x000000005f830000 - 0x000000005f902000 	C:\Program Files\Android\Android Studio\jre\jre\bin\msvcr100.dll
0x000000005dc30000 - 0x000000005e471000 	C:\Program Files\Android\Android Studio\jre\jre\bin\server\jvm.dll
0x000007fef26f0000 - 0x000007fef26f9000 	C:\Windows\system32\WSOCK32.dll
0x000007feff740000 - 0x000007feff78d000 	C:\Windows\system32\WS2_32.dll
0x000007fefd7f0000 - 0x000007fefd7f8000 	C:\Windows\system32\NSI.dll
0x000007fef5e40000 - 0x000007fef5e7b000 	C:\Windows\system32\WINMM.dll
0x000007fefc4e0000 - 0x000007fefc4ec000 	C:\Windows\system32\VERSION.dll
0x0000000077650000 - 0x0000000077657000 	C:\Windows\system32\PSAPI.DLL
0x000007fef9e40000 - 0x000007fef9e4f000 	C:\Program Files\Android\Android Studio\jre\jre\bin\verify.dll
0x000007fef9b70000 - 0x000007fef9b99000 	C:\Program Files\Android\Android Studio\jre\jre\bin\java.dll
0x000007fef9bb0000 - 0x000007fef9bc6000 	C:\Program Files\Android\Android Studio\jre\jre\bin\zip.dll
0x000007fefe680000 - 0x000007feff40a000 	C:\Windows\system32\SHELL32.dll
0x000007fefe470000 - 0x000007fefe673000 	C:\Windows\system32\ole32.dll
0x000007fefd380000 - 0x000007fefd38f000 	C:\Windows\system32\profapi.dll
0x000007fef9b50000 - 0x000007fef9b6a000 	C:\Program Files\Android\Android Studio\jre\jre\bin\net.dll
0x000007fefcbf0000 - 0x000007fefcc45000 	C:\Windows\system32\mswsock.dll
0x000007fefcbe0000 - 0x000007fefcbe7000 	C:\Windows\System32\wship6.dll
0x000007fef9820000 - 0x000007fef9831000 	C:\Program Files\Android\Android Studio\jre\jre\bin\nio.dll
0x000007fee5060000 - 0x000007fee507e000 	C:\Users\MAM\.gradle\native\25\windows-amd64\native-platform.dll
0x000007fef9e50000 - 0x000007fef9e5d000 	C:\Program Files\Android\Android Studio\jre\jre\bin\management.dll
0x000007fefcc50000 - 0x000007fefcc67000 	C:\Windows\system32\CRYPTSP.dll
0x000007fefc950000 - 0x000007fefc997000 	C:\Windows\system32\rsaenh.dll
0x000007fefc6d0000 - 0x000007fefc6ee000 	C:\Windows\system32\USERENV.dll
0x000007fefd2b0000 - 0x000007fefd2bf000 	C:\Windows\system32\CRYPTBASE.dll
0x000007fefad30000 - 0x000007fefad57000 	C:\Windows\system32\IPHLPAPI.DLL
0x000007fefad20000 - 0x000007fefad2b000 	C:\Windows\system32\WINNSI.DLL
0x000007fef7fb0000 - 0x000007fef7fc8000 	C:\Windows\system32\dhcpcsvc.DLL
0x000007fef7f90000 - 0x000007fef7fa1000 	C:\Windows\system32\dhcpcsvc6.DLL
0x000007fefd250000 - 0x000007fefd2a7000 	C:\Windows\system32\apphelp.dll

VM Arguments:
jvm_args: -Xmx1536m -Dfile.encoding=windows-1252 -Duser.country=US -Duser.language=en -Duser.variant 
java_command: org.gradle.launcher.daemon.bootstrap.GradleDaemon 4.5
java_class_path (initial): C:\Users\MAM\.gradle\wrapper\dists\gradle-4.5-all\cg9lyzfg3iwv6fa00os9gcgj4\gradle-4.5\lib\gradle-launcher-4.5.jar
Launcher Type: SUN_STANDARD

Environment Variables:
PATH=C:\ProgramData\Oracle\Java\javapath;C:\Windows\system32;C:\Windows;C:\Windows\System32\Wbem;C:\Windows\System32\WindowsPowerShell\v1.0\;C:\Program Files (x86)\Skype\Phone\;C:\Program Files\nodejs\;c:\Program Files\WIDCOMM\Bluetooth Software\;c:\Program Files\WIDCOMM\Bluetooth Software\syswow64;C:\Program Files\Git\cmd;c:\Apache24\bin;c:\php;C:\Users\MAM\AppData\Roaming\npm;C:\Program Files\Java\jdk-9.0.1\bin;C:\Program Files\Microsoft VS Code\bin
USERNAME=MAM
OS=Windows_NT
PROCESSOR_IDENTIFIER=Intel64 Family 6 Model 37 Stepping 5, GenuineIntel



---------------  S Y S T E M  ---------------

OS: Windows 7 , 64 bit Build 7601 (6.1.7601.19135)

CPU:total 4 (initial active 4) (2 cores per cpu, 2 threads per core) family 6 model 37 stepping 5, cmov, cx8, fxsr, mmx, sse, sse2, sse3, ssse3, sse4.1, sse4.2, popcnt, aes, clmul, ht, tsc, tscinvbit

Memory: 4k page, physical 3980676k(404512k free), swap 4966568k(520k free)

vm_info: OpenJDK 64-Bit Server VM (25.152-b01) for windows-amd64 JRE (1.8.0_152-release-1136-b01), built by "builder" with MS VC++ 10.0 (VS2010)

time: Sun Mar 25 19:39:57 2018
elapsed time: 191 seconds (0d 0h 3m 11s)

