#
# There is insufficient memory for the Java Runtime Environment to continue.
# Native memory allocation (malloc) failed to allocate 876496 bytes for Chunk::new
# Possible reasons:
#   The system is out of physical RAM or swap space
#   In 32 bit mode, the process size limit was hit
# Possible solutions:
#   Reduce memory load on the system
#   Increase physical memory or swap space
#   Check if swap backing store is full
#   Use 64 bit Java on a 64 bit OS
#   Decrease Java heap size (-Xmx/-Xms)
#   Decrease number of Java threads
#   Decrease Java thread stack sizes (-Xss)
#   Set larger code cache with -XX:ReservedCodeCacheSize=
# This output file may be truncated or incomplete.
#
#  Out of Memory Error (allocation.cpp:390), pid=5608, tid=0x000000000000104c
#
# JRE version: OpenJDK Runtime Environment (8.0_152-b01) (build 1.8.0_152-release-1136-b01)
# Java VM: OpenJDK 64-Bit Server VM (25.152-b01 mixed mode windows-amd64 compressed oops)
# Failed to write core dump. Minidumps are not enabled by default on client versions of Windows
#

---------------  T H R E A D  ---------------

Current thread (0x0000000057892800):  JavaThread "C2 CompilerThread0" daemon [_thread_in_native, id=4172, stack(0x00000000573e0000,0x00000000574e0000)]

Stack: [0x00000000573e0000,0x00000000574e0000]
[error occurred during error reporting (printing stack bounds), id 0xc0000005]

Native frames: (J=compiled Java code, j=interpreted, Vv=VM code, C=native code)


Current CompileTask:
C2:  73293 8249       4       com.sun.tools.javac.code.Types::union (166 bytes)


---------------  P R O C E S S  ---------------

Java Threads: ( => current thread )
  0x000000005d719000 JavaThread "Cache worker for Java compile cache (C:\Users\MAM\AndroidStudioProjects\JustJava\TicTacToe\.gradle\4.6\javaCompile)" [_thread_blocked, id=6020, stack(0x00000000635c0000,0x00000000636c0000)]
  0x000000005d718000 JavaThread "stdout" [_thread_in_native, id=5444, stack(0x00000000650d0000,0x00000000651d0000)]
  0x000000005d717800 JavaThread "stderr" [_thread_in_native, id=3012, stack(0x0000000064fb0000,0x00000000650b0000)]
  0x000000005bf05800 JavaThread "pool-2-thread-1" [_thread_blocked, id=4200, stack(0x0000000064c50000,0x0000000064d50000)]
  0x000000005bf04800 JavaThread "Worker Daemon Execution" [_thread_blocked, id=2500, stack(0x0000000064d60000,0x0000000064e60000)]
  0x000000005bf03000 JavaThread "Task worker for ':' Thread 3" [_thread_blocked, id=5872, stack(0x0000000063880000,0x0000000063980000)]
  0x000000005bf02800 JavaThread "Task worker for ':' Thread 2" [_thread_blocked, id=3612, stack(0x00000000636c0000,0x00000000637c0000)]
  0x000000005bf01800 JavaThread "Task worker for ':'" [_thread_blocked, id=5816, stack(0x0000000061690000,0x0000000061790000)]
  0x000000005bf01000 JavaThread "Cache worker for Build Output Cleanup Cache (C:\Users\MAM\AndroidStudioProjects\JustJava\TicTacToe\.gradle\buildOutputCleanup)" [_thread_blocked, id=4092, stack(0x0000000062270000,0x0000000062370000)]
  0x000000005bf00000 JavaThread "Cache worker for task history cache (C:\Users\MAM\AndroidStudioProjects\JustJava\TicTacToe\.gradle\4.6\taskHistory)" [_thread_blocked, id=1728, stack(0x0000000063490000,0x0000000063590000)]
  0x000000005beff800 JavaThread "Cache worker for file content cache (C:\Users\MAM\AndroidStudioProjects\JustJava\TicTacToe\.gradle\4.6\fileContent)" [_thread_blocked, id=4804, stack(0x0000000063380000,0x0000000063480000)]
  0x000000005befd000 JavaThread "Memory manager" [_thread_blocked, id=5836, stack(0x0000000060e00000,0x0000000060f00000)]
  0x000000005befc800 JavaThread "pool-1-thread-1" [_thread_blocked, id=5780, stack(0x0000000060910000,0x0000000060a10000)]
  0x000000005befb000 JavaThread "Build operations Thread 4" [_thread_blocked, id=5984, stack(0x00000000603a0000,0x00000000604a0000)]
  0x000000005befa000 JavaThread "Build operations Thread 3" [_thread_blocked, id=5192, stack(0x0000000060090000,0x0000000060190000)]
  0x000000005bef9800 JavaThread "Build operations Thread 2" [_thread_blocked, id=2744, stack(0x0000000060260000,0x0000000060360000)]
  0x000000005bef8800 JavaThread "Build operations" [_thread_blocked, id=6000, stack(0x000000005ff70000,0x0000000060070000)]
  0x000000005bef8000 JavaThread "Cache worker for Artifact transforms cache (C:\Users\MAM\.gradle\caches\transforms-1)" [_thread_blocked, id=3120, stack(0x000000005fbe0000,0x000000005fce0000)]
  0x0000000057b29800 JavaThread "Cache worker for file hash cache (C:\Users\MAM\AndroidStudioProjects\JustJava\TicTacToe\.gradle\4.6\fileHashes)" [_thread_blocked, id=5800, stack(0x000000005ae50000,0x000000005af50000)]
  0x0000000058aeb000 JavaThread "File lock request listener" [_thread_in_native, id=6072, stack(0x000000005c040000,0x000000005c140000)]
  0x000000005907b000 JavaThread "Cache worker for file hash cache (C:\Users\MAM\.gradle\caches\4.6\fileHashes)" [_thread_blocked, id=1964, stack(0x000000005af60000,0x000000005b060000)]
  0x000000005997d800 JavaThread "Asynchronous log dispatcher for DefaultDaemonConnection: socket connection from /127.0.0.1:49278 to /127.0.0.1:49279" [_thread_blocked, id=5008, stack(0x000000005a960000,0x000000005aa60000)]
  0x00000000599a2800 JavaThread "Daemon worker" [_thread_in_Java, id=5536, stack(0x0000000057c90000,0x0000000057d90000)]
  0x00000000599a1800 JavaThread "Cancel handler" [_thread_blocked, id=5184, stack(0x0000000058dd0000,0x0000000058ed0000)]
  0x0000000059857000 JavaThread "Handler for socket connection from /127.0.0.1:49278 to /127.0.0.1:49279" [_thread_in_native, id=5012, stack(0x000000005a610000,0x000000005a710000)]
  0x000000005995c000 JavaThread "Daemon" [_thread_blocked, id=5348, stack(0x000000005a3d0000,0x000000005a4d0000)]
  0x0000000059833000 JavaThread "Daemon periodic checks" [_thread_blocked, id=384, stack(0x000000005a500000,0x000000005a600000)]
  0x000000005982d800 JavaThread "Incoming local TCP Connector on port 49278" [_thread_in_native, id=4960, stack(0x000000005a170000,0x000000005a270000)]
  0x000000005790d800 JavaThread "Service Thread" daemon [_thread_blocked, id=2476, stack(0x0000000057ec0000,0x0000000057fc0000)]
  0x000000005789c000 JavaThread "C1 CompilerThread2" daemon [_thread_blocked, id=4868, stack(0x0000000058310000,0x0000000058410000)]
  0x000000005789b000 JavaThread "C2 CompilerThread1" daemon [_thread_blocked, id=768, stack(0x0000000058200000,0x0000000058300000)]
=>0x0000000057892800 JavaThread "C2 CompilerThread0" daemon [_thread_in_native, id=4172, stack(0x00000000573e0000,0x00000000574e0000)]
  0x00000000565f3800 JavaThread "Attach Listener" daemon [_thread_blocked, id=4716, stack(0x0000000058030000,0x0000000058130000)]
  0x00000000565f2800 JavaThread "Signal Dispatcher" daemon [_thread_blocked, id=3988, stack(0x0000000057da0000,0x0000000057ea0000)]
  0x00000000565d8000 JavaThread "Finalizer" daemon [_thread_blocked, id=2220, stack(0x0000000057670000,0x0000000057770000)]
  0x0000000056590800 JavaThread "Reference Handler" daemon [_thread_blocked, id=1160, stack(0x0000000057790000,0x0000000057890000)]
  0x00000000021be800 JavaThread "main" [_thread_blocked, id=3368, stack(0x0000000002510000,0x0000000002610000)]

Other Threads:
  0x0000000056589000 VMThread [stack: 0x00000000574f0000,0x00000000575f0000] [id=5996]
  0x000000005790e800 WatcherThread [stack: 0x00000000584d0000,0x00000000585d0000] [id=5812]

VM state:not at safepoint (normal execution)

VM Mutex/Monitor currently owned by a thread: None

Heap:
 PSYoungGen      total 213504K, used 63753K [0x00000000e0000000, 0x00000000ee180000, 0x0000000100000000)
  eden space 198144K, 32% used [0x00000000e0000000,0x00000000e3e424e0,0x00000000ec180000)
  from space 15360K, 0% used [0x00000000ed100000,0x00000000ed100000,0x00000000ee000000)
  to   space 15872K, 0% used [0x00000000ec180000,0x00000000ec180000,0x00000000ed100000)
 ParOldGen       total 65536K, used 33718K [0x00000000a0000000, 0x00000000a4000000, 0x00000000e0000000)
  object space 65536K, 51% used [0x00000000a0000000,0x00000000a20edad0,0x00000000a4000000)
 Metaspace       used 62791K, capacity 64606K, committed 64768K, reserved 1105920K
  class space    used 8429K, capacity 8842K, committed 8960K, reserved 1048576K

Card table byte_map: [0x0000000011ca0000,0x0000000011fb0000] byte_map_base: 0x00000000117a0000

Marking Bits: (ParMarkBitMap*) 0x0000000068345aa0
 Begin Bits: [0x0000000012900000, 0x0000000014100000)
 End Bits:   [0x0000000014100000, 0x0000000015900000)

Polling page: 0x0000000000230000

CodeCache: size=245760Kb used=23571Kb max_used=23573Kb free=222188Kb
 bounds [0x00000000028e0000, 0x0000000004000000, 0x00000000118e0000]
 total_blobs=8150 nmethods=7343 adapters=716
 compilation: disabled (not enough contiguous free space left)

Compilation events (10 events):
Event: 72.962 Thread 0x000000005789c000 nmethod 8274 0x0000000003adc350 code [0x0000000003adc4c0, 0x0000000003adc688]
Event: 72.962 Thread 0x000000005789c000 8276       3       com.sun.tools.javac.comp.Resolve$MethodResolutionContext::addApplicableCandidate (36 bytes)
Event: 72.962 Thread 0x000000005789c000 nmethod 8276 0x0000000003a73f10 code [0x0000000003a740c0, 0x0000000003a74758]
Event: 72.962 Thread 0x000000005789c000 8281       3       com.sun.tools.javac.util.JCDiagnostic$Factory::qualify (39 bytes)
Event: 72.963 Thread 0x000000005789c000 nmethod 8281 0x00000000032e9e90 code [0x00000000032ea0a0, 0x00000000032eaaf8]
Event: 72.963 Thread 0x000000005789c000 8282       3       com.sun.tools.javac.util.JCDiagnostic::<init> (79 bytes)
Event: 72.964 Thread 0x000000005789c000 nmethod 8282 0x0000000003157750 code [0x00000000031578e0, 0x0000000003157db8]
Event: 72.964 Thread 0x000000005789c000 8269       3       com.sun.tools.javac.comp.Attr::selectSym (600 bytes)
Event: 72.970 Thread 0x000000005789c000 

Event: 73.026 Thread 0x000000005789b000 


GC Heap History (10 events):
Event: 27.736 GC heap before
{Heap before GC invocations=13 (full 2):
 PSYoungGen      total 99840K, used 1724K [0x00000000e0000000, 0x00000000e9c00000, 0x0000000100000000)
  eden space 90112K, 0% used [0x00000000e0000000,0x00000000e0000000,0x00000000e5800000)
  from space 9728K, 17% used [0x00000000e5800000,0x00000000e59af058,0x00000000e6180000)
  to   space 9728K, 0% used [0x00000000e9280000,0x00000000e9280000,0x00000000e9c00000)
 ParOldGen       total 28672K, used 15051K [0x00000000a0000000, 0x00000000a1c00000, 0x00000000e0000000)
  object space 28672K, 52% used [0x00000000a0000000,0x00000000a0eb2e40,0x00000000a1c00000)
 Metaspace       used 34741K, capacity 35298K, committed 35416K, reserved 1079296K
  class space    used 4806K, capacity 5021K, committed 5120K, reserved 1048576K
Event: 28.008 GC heap after
Heap after GC invocations=13 (full 2):
 PSYoungGen      total 99840K, used 0K [0x00000000e0000000, 0x00000000e9c00000, 0x0000000100000000)
  eden space 90112K, 0% used [0x00000000e0000000,0x00000000e0000000,0x00000000e5800000)
  from space 9728K, 0% used [0x00000000e5800000,0x00000000e5800000,0x00000000e6180000)
  to   space 9728K, 0% used [0x00000000e9280000,0x00000000e9280000,0x00000000e9c00000)
 ParOldGen       total 39424K, used 14656K [0x00000000a0000000, 0x00000000a2680000, 0x00000000e0000000)
  object space 39424K, 37% used [0x00000000a0000000,0x00000000a0e50380,0x00000000a2680000)
 Metaspace       used 34741K, capacity 35298K, committed 35416K, reserved 1079296K
  class space    used 4806K, capacity 5021K, committed 5120K, reserved 1048576K
}
Event: 32.715 GC heap before
{Heap before GC invocations=14 (full 2):
 PSYoungGen      total 99840K, used 90112K [0x00000000e0000000, 0x00000000e9c00000, 0x0000000100000000)
  eden space 90112K, 100% used [0x00000000e0000000,0x00000000e5800000,0x00000000e5800000)
  from space 9728K, 0% used [0x00000000e5800000,0x00000000e5800000,0x00000000e6180000)
  to   space 9728K, 0% used [0x00000000e9280000,0x00000000e9280000,0x00000000e9c00000)
 ParOldGen       total 39424K, used 14656K [0x00000000a0000000, 0x00000000a2680000, 0x00000000e0000000)
  object space 39424K, 37% used [0x00000000a0000000,0x00000000a0e50380,0x00000000a2680000)
 Metaspace       used 40427K, capacity 41136K, committed 41472K, reserved 1085440K
  class space    used 5493K, capacity 5764K, committed 5888K, reserved 1048576K
Event: 32.962 GC heap after
Heap after GC invocations=14 (full 2):
 PSYoungGen      total 143872K, used 9699K [0x00000000e0000000, 0x00000000e9c00000, 0x0000000100000000)
  eden space 134144K, 0% used [0x00000000e0000000,0x00000000e0000000,0x00000000e8300000)
  from space 9728K, 99% used [0x00000000e9280000,0x00000000e9bf8da8,0x00000000e9c00000)
  to   space 11264K, 0% used [0x00000000e8600000,0x00000000e8600000,0x00000000e9100000)
 ParOldGen       total 39424K, used 14862K [0x00000000a0000000, 0x00000000a2680000, 0x00000000e0000000)
  object space 39424K, 37% used [0x00000000a0000000,0x00000000a0e838d0,0x00000000a2680000)
 Metaspace       used 40427K, capacity 41136K, committed 41472K, reserved 1085440K
  class space    used 5493K, capacity 5764K, committed 5888K, reserved 1048576K
}
Event: 43.086 GC heap before
{Heap before GC invocations=15 (full 2):
 PSYoungGen      total 143872K, used 143843K [0x00000000e0000000, 0x00000000e9c00000, 0x0000000100000000)
  eden space 134144K, 100% used [0x00000000e0000000,0x00000000e8300000,0x00000000e8300000)
  from space 9728K, 99% used [0x00000000e9280000,0x00000000e9bf8da8,0x00000000e9c00000)
  to   space 11264K, 0% used [0x00000000e8600000,0x00000000e8600000,0x00000000e9100000)
 ParOldGen       total 39424K, used 14862K [0x00000000a0000000, 0x00000000a2680000, 0x00000000e0000000)
  object space 39424K, 37% used [0x00000000a0000000,0x00000000a0e838d0,0x00000000a2680000)
 Metaspace       used 51678K, capacity 53130K, committed 53248K, reserved 1095680K
  class space    used 7057K, capacity 7402K, committed 7424K, reserved 1048576K
Event: 43.592 GC heap after
Heap after GC invocations=15 (full 2):
 PSYoungGen      total 148480K, used 11237K [0x00000000e0000000, 0x00000000ee000000, 0x0000000100000000)
  eden space 137216K, 0% used [0x00000000e0000000,0x00000000e0000000,0x00000000e8600000)
  from space 11264K, 99% used [0x00000000e8600000,0x00000000e90f94b8,0x00000000e9100000)
  to   space 15360K, 0% used [0x00000000ed100000,0x00000000ed100000,0x00000000ee000000)
 ParOldGen       total 39424K, used 22096K [0x00000000a0000000, 0x00000000a2680000, 0x00000000e0000000)
  object space 39424K, 56% used [0x00000000a0000000,0x00000000a1594100,0x00000000a2680000)
 Metaspace       used 51678K, capacity 53130K, committed 53248K, reserved 1095680K
  class space    used 7057K, capacity 7402K, committed 7424K, reserved 1048576K
}
Event: 65.094 GC heap before
{Heap before GC invocations=16 (full 2):
 PSYoungGen      total 148480K, used 133771K [0x00000000e0000000, 0x00000000ee000000, 0x0000000100000000)
  eden space 137216K, 89% used [0x00000000e0000000,0x00000000e77a9928,0x00000000e8600000)
  from space 11264K, 99% used [0x00000000e8600000,0x00000000e90f94b8,0x00000000e9100000)
  to   space 15360K, 0% used [0x00000000ed100000,0x00000000ed100000,0x00000000ee000000)
 ParOldGen       total 39424K, used 22096K [0x00000000a0000000, 0x00000000a2680000, 0x00000000e0000000)
  object space 39424K, 56% used [0x00000000a0000000,0x00000000a1594100,0x00000000a2680000)
 Metaspace       used 57288K, capacity 58998K, committed 59028K, reserved 1099776K
  class space    used 7776K, capacity 8190K, committed 8192K, reserved 1048576K
Event: 65.175 GC heap after
Heap after GC invocations=16 (full 2):
 PSYoungGen      total 213504K, used 10024K [0x00000000e0000000, 0x00000000ee180000, 0x0000000100000000)
  eden space 198144K, 0% used [0x00000000e0000000,0x00000000e0000000,0x00000000ec180000)
  from space 15360K, 65% used [0x00000000ed100000,0x00000000edaca058,0x00000000ee000000)
  to   space 15872K, 0% used [0x00000000ec180000,0x00000000ec180000,0x00000000ed100000)
 ParOldGen       total 39424K, used 27227K [0x00000000a0000000, 0x00000000a2680000, 0x00000000e0000000)
  object space 39424K, 69% used [0x00000000a0000000,0x00000000a1a96ce8,0x00000000a2680000)
 Metaspace       used 57288K, capacity 58998K, committed 59028K, reserved 1099776K
  class space    used 7776K, capacity 8190K, committed 8192K, reserved 1048576K
}
Event: 65.176 GC heap before
{Heap before GC invocations=17 (full 3):
 PSYoungGen      total 213504K, used 10024K [0x00000000e0000000, 0x00000000ee180000, 0x0000000100000000)
  eden space 198144K, 0% used [0x00000000e0000000,0x00000000e0000000,0x00000000ec180000)
  from space 15360K, 65% used [0x00000000ed100000,0x00000000edaca058,0x00000000ee000000)
  to   space 15872K, 0% used [0x00000000ec180000,0x00000000ec180000,0x00000000ed100000)
 ParOldGen       total 39424K, used 27227K [0x00000000a0000000, 0x00000000a2680000, 0x00000000e0000000)
  object space 39424K, 69% used [0x00000000a0000000,0x00000000a1a96ce8,0x00000000a2680000)
 Metaspace       used 57288K, capacity 58998K, committed 59028K, reserved 1099776K
  class space    used 7776K, capacity 8190K, committed 8192K, reserved 1048576K
Event: 66.301 GC heap after
Heap after GC invocations=17 (full 3):
 PSYoungGen      total 213504K, used 0K [0x00000000e0000000, 0x00000000ee180000, 0x0000000100000000)
  eden space 198144K, 0% used [0x00000000e0000000,0x00000000e0000000,0x00000000ec180000)
  from space 15360K, 0% used [0x00000000ed100000,0x00000000ed100000,0x00000000ee000000)
  to   space 15872K, 0% used [0x00000000ec180000,0x00000000ec180000,0x00000000ed100000)
 ParOldGen       total 65536K, used 33718K [0x00000000a0000000, 0x00000000a4000000, 0x00000000e0000000)
  object space 65536K, 51% used [0x00000000a0000000,0x00000000a20edad0,0x00000000a4000000)
 Metaspace       used 57288K, capacity 58998K, committed 59028K, reserved 1099776K
  class space    used 7776K, capacity 8190K, committed 8192K, reserved 1048576K
}

Deoptimization events (10 events):
Event: 72.407 Thread 0x00000000599a2800 Uncommon trap: reason=class_check action=maybe_recompile pc=0x0000000003f1ef24 method=com.sun.tools.javac.code.Types$18.visitClassType(Lcom/sun/tools/javac/code/Type$ClassType;Ljava/lang/Void;)Lcom/sun/tools/javac/code/Type; @ 19
Event: 72.873 Thread 0x00000000599a2800 Uncommon trap: reason=class_check action=maybe_recompile pc=0x0000000003f6ecf8 method=com.sun.tools.javac.code.Type.map(Lcom/sun/tools/javac/util/List;Lcom/sun/tools/javac/code/Type$Mapping;)Lcom/sun/tools/javac/util/List; @ 24
Event: 72.874 Thread 0x00000000599a2800 Uncommon trap: reason=class_check action=maybe_recompile pc=0x0000000003f6ecf8 method=com.sun.tools.javac.code.Type.map(Lcom/sun/tools/javac/util/List;Lcom/sun/tools/javac/code/Type$Mapping;)Lcom/sun/tools/javac/util/List; @ 24
Event: 72.875 Thread 0x00000000599a2800 Uncommon trap: reason=class_check action=maybe_recompile pc=0x0000000003f6ecf8 method=com.sun.tools.javac.code.Type.map(Lcom/sun/tools/javac/util/List;Lcom/sun/tools/javac/code/Type$Mapping;)Lcom/sun/tools/javac/util/List; @ 24
Event: 72.875 Thread 0x00000000599a2800 Uncommon trap: reason=class_check action=maybe_recompile pc=0x0000000003f6ecf8 method=com.sun.tools.javac.code.Type.map(Lcom/sun/tools/javac/util/List;Lcom/sun/tools/javac/code/Type$Mapping;)Lcom/sun/tools/javac/util/List; @ 24
Event: 72.875 Thread 0x00000000599a2800 Uncommon trap: reason=unstable_if action=reinterpret pc=0x0000000003fd3d30 method=com.sun.tools.javac.code.Types.isSameType(Lcom/sun/tools/javac/code/Type;Lcom/sun/tools/javac/code/Type;Z)Z @ 1
Event: 72.937 Thread 0x00000000599a2800 Uncommon trap: reason=speculate_class_check action=maybe_recompile pc=0x0000000003f6feb8 method=com.sun.tools.javac.util.List.prependList(Lcom/sun/tools/javac/util/List;)Lcom/sun/tools/javac/util/List; @ 1
Event: 72.938 Thread 0x00000000599a2800 Uncommon trap: reason=bimorphic action=maybe_recompile pc=0x0000000003fdefb8 method=com.sun.tools.javac.code.Type$ClassType.isParameterized()Z @ 1
Event: 72.938 Thread 0x00000000599a2800 Uncommon trap: reason=bimorphic action=maybe_recompile pc=0x0000000003fdefb8 method=com.sun.tools.javac.code.Type$ClassType.isParameterized()Z @ 1
Event: 72.938 Thread 0x00000000599a2800 Uncommon trap: reason=bimorphic action=maybe_recompile pc=0x0000000003fdefb8 method=com.sun.tools.javac.code.Type$ClassType.isParameterized()Z @ 1

Classes redefined (0 events):
No events

Internal exceptions (10 events):
Event: 49.924 Thread 0x00000000599a2800 Exception <a 'java/lang/NoSuchMethodError': <clinit>> (0x00000000e39aa5f8) thrown at [D:\src\AOSP-openjdk-cygwin\jdk8u\hotspot\src\share\vm\prims\jni.cpp, line 1613]
Event: 50.133 Thread 0x00000000599a2800 Exception <a 'java/lang/NoSuchMethodError': <clinit>> (0x00000000e3a7e8b0) thrown at [D:\src\AOSP-openjdk-cygwin\jdk8u\hotspot\src\share\vm\prims\jni.cpp, line 1613]
Event: 50.134 Thread 0x00000000599a2800 Exception <a 'java/lang/NoSuchMethodError': <clinit>> (0x00000000e3a89458) thrown at [D:\src\AOSP-openjdk-cygwin\jdk8u\hotspot\src\share\vm\prims\jni.cpp, line 1613]
Event: 53.013 Thread 0x00000000599a2800 Implicit null exception at 0x0000000002e7dcb0 to 0x0000000002e7de71
Event: 53.883 Thread 0x00000000599a2800 Exception <a 'java/lang/NoSuchMethodError': <clinit>> (0x00000000e6040960) thrown at [D:\src\AOSP-openjdk-cygwin\jdk8u\hotspot\src\share\vm\prims\jni.cpp, line 1613]
Event: 53.887 Thread 0x00000000599a2800 Exception <a 'java/lang/NoSuchMethodError': <clinit>> (0x00000000e6059260) thrown at [D:\src\AOSP-openjdk-cygwin\jdk8u\hotspot\src\share\vm\prims\jni.cpp, line 1613]
Event: 53.887 Thread 0x00000000599a2800 Exception <a 'java/lang/NoSuchMethodError': <clinit>> (0x00000000e605eb98) thrown at [D:\src\AOSP-openjdk-cygwin\jdk8u\hotspot\src\share\vm\prims\jni.cpp, line 1613]
Event: 53.892 Thread 0x00000000599a2800 Exception <a 'java/lang/NoSuchMethodError': <clinit>> (0x00000000e626c6b8) thrown at [D:\src\AOSP-openjdk-cygwin\jdk8u\hotspot\src\share\vm\prims\jni.cpp, line 1613]
Event: 56.629 Thread 0x00000000599a2800 Exception <a 'java/lang/NoSuchMethodError': java.lang.Object.lambda$negate$1(Ljava/lang/Object;)Z> (0x00000000e7296830) thrown at [D:\src\AOSP-openjdk-cygwin\jdk8u\hotspot\src\share\vm\interpreter\linkResolver.cpp, line 584]
Event: 64.846 Thread 0x00000000599a2800 Exception <a 'java/lang/NoSuchMethodError': java.lang.Object.lambda$comparingInt$7b0bb60$1(Ljava/util/function/ToIntFunction;Ljava/lang/Object;Ljava/lang/Object;)I> (0x00000000e72fea88) thrown at [D:\src\AOSP-openjdk-cygwin\jdk8u\hotspot\src\share\vm\inte

Events (10 events):
Event: 72.944 Thread 0x000000005789c000 flushing nmethod 0x00000000031e6110
Event: 72.945 Thread 0x000000005789c000 flushing nmethod 0x00000000032e9e90
Event: 72.949 Thread 0x000000005789c000 flushing nmethod 0x00000000038e7fd0
Event: 72.950 Thread 0x000000005789c000 flushing nmethod 0x0000000003a73f10
Event: 72.950 Thread 0x000000005789c000 flushing nmethod 0x0000000003adc350
Event: 72.950 Thread 0x000000005789c000 flushing nmethod 0x0000000003ae1ad0
Event: 72.950 Thread 0x000000005789c000 flushing nmethod 0x0000000003ae2490
Event: 72.950 Thread 0x000000005789c000 flushing nmethod 0x0000000003ae3a10
Event: 72.950 Thread 0x000000005789c000 flushing nmethod 0x0000000003ae4290
Event: 72.951 Thread 0x000000005789c000 flushing nmethod 0x0000000003b5c690


Dynamic libraries:
0x000000013ff30000 - 0x000000013ff61000 	C:\Program Files\Android\Android Studio\jre\bin\java.exe
0x0000000077440000 - 0x00000000775ea000 	C:\Windows\SYSTEM32\ntdll.dll
0x0000000077220000 - 0x000000007733f000 	C:\Windows\system32\kernel32.dll
0x000007fefd410000 - 0x000007fefd47b000 	C:\Windows\system32\KERNELBASE.dll
0x000007feff2d0000 - 0x000007feff3ab000 	C:\Windows\system32\ADVAPI32.dll
0x000007fefec70000 - 0x000007fefed0f000 	C:\Windows\system32\msvcrt.dll
0x000007feff4d0000 - 0x000007feff4ef000 	C:\Windows\SYSTEM32\sechost.dll
0x000007feff1a0000 - 0x000007feff2cd000 	C:\Windows\system32\RPCRT4.dll
0x0000000077340000 - 0x000000007743a000 	C:\Windows\system32\USER32.dll
0x000007fefec00000 - 0x000007fefec67000 	C:\Windows\system32\GDI32.dll
0x000007fefd750000 - 0x000007fefd75e000 	C:\Windows\system32\LPK.dll
0x000007feff0d0000 - 0x000007feff199000 	C:\Windows\system32\USP10.dll
0x000007fefb930000 - 0x000007fefbb24000 	C:\Windows\WinSxS\amd64_microsoft.windows.common-controls_6595b64144ccf1df_6.0.7601.18837_none_fa3b1e3d17594757\COMCTL32.dll
0x000007feff3b0000 - 0x000007feff421000 	C:\Windows\system32\SHLWAPI.dll
0x000007fefd850000 - 0x000007fefd87e000 	C:\Windows\system32\IMM32.DLL
0x000007fefe660000 - 0x000007fefe769000 	C:\Windows\system32\MSCTF.dll
0x0000000073e10000 - 0x0000000073ee2000 	C:\Program Files\Android\Android Studio\jre\jre\bin\msvcr100.dll
0x0000000067b80000 - 0x00000000683c1000 	C:\Program Files\Android\Android Studio\jre\jre\bin\server\jvm.dll
0x000007fef77c0000 - 0x000007fef77c9000 	C:\Windows\system32\WSOCK32.dll
0x000007fefd880000 - 0x000007fefd8cd000 	C:\Windows\system32\WS2_32.dll
0x000007fefd840000 - 0x000007fefd848000 	C:\Windows\system32\NSI.dll
0x000007fef7840000 - 0x000007fef787b000 	C:\Windows\system32\WINMM.dll
0x000007fefc4a0000 - 0x000007fefc4ac000 	C:\Windows\system32\VERSION.dll
0x0000000077610000 - 0x0000000077617000 	C:\Windows\system32\PSAPI.DLL
0x000007fef7550000 - 0x000007fef755f000 	C:\Program Files\Android\Android Studio\jre\jre\bin\verify.dll
0x000007fef73d0000 - 0x000007fef73f9000 	C:\Program Files\Android\Android Studio\jre\jre\bin\java.dll
0x000007fef7410000 - 0x000007fef7426000 	C:\Program Files\Android\Android Studio\jre\jre\bin\zip.dll
0x000007fefd8d0000 - 0x000007fefe65a000 	C:\Windows\system32\SHELL32.dll
0x000007fefe770000 - 0x000007fefe973000 	C:\Windows\system32\ole32.dll
0x000007fefd340000 - 0x000007fefd34f000 	C:\Windows\system32\profapi.dll
0x000007fef7330000 - 0x000007fef734a000 	C:\Program Files\Android\Android Studio\jre\jre\bin\net.dll
0x000007fefcbb0000 - 0x000007fefcc05000 	C:\Windows\system32\mswsock.dll
0x000007fefcba0000 - 0x000007fefcba7000 	C:\Windows\System32\wship6.dll
0x000007fef7310000 - 0x000007fef7321000 	C:\Program Files\Android\Android Studio\jre\jre\bin\nio.dll
0x000007fef74f0000 - 0x000007fef750e000 	C:\Users\MAM\.gradle\native\25\windows-amd64\native-platform.dll
0x000007fef7560000 - 0x000007fef756d000 	C:\Program Files\Android\Android Studio\jre\jre\bin\management.dll
0x000007fefcc10000 - 0x000007fefcc27000 	C:\Windows\system32\CRYPTSP.dll
0x000007fefc910000 - 0x000007fefc957000 	C:\Windows\system32\rsaenh.dll
0x000007fefc690000 - 0x000007fefc6ae000 	C:\Windows\system32\USERENV.dll
0x000007fefd270000 - 0x000007fefd27f000 	C:\Windows\system32\CRYPTBASE.dll
0x000007fefa960000 - 0x000007fefa987000 	C:\Windows\system32\IPHLPAPI.DLL
0x000007fefa950000 - 0x000007fefa95b000 	C:\Windows\system32\WINNSI.DLL
0x000007fef8c00000 - 0x000007fef8c18000 	C:\Windows\system32\dhcpcsvc.DLL
0x000007fef8be0000 - 0x000007fef8bf1000 	C:\Windows\system32\dhcpcsvc6.DLL
0x000007fefd210000 - 0x000007fefd267000 	C:\Windows\system32\apphelp.dll

VM Arguments:
jvm_args: -Xmx1536m -Dfile.encoding=windows-1252 -Duser.country=US -Duser.language=en -Duser.variant 
java_command: org.gradle.launcher.daemon.bootstrap.GradleDaemon 4.6
java_class_path (initial): C:\Users\MAM\.gradle\wrapper\dists\gradle-4.6-all\bcst21l2brirad8k2ben1letg\gradle-4.6\lib\gradle-launcher-4.6.jar
Launcher Type: SUN_STANDARD

Environment Variables:
PATH=C:\ProgramData\Oracle\Java\javapath;C:\Windows\system32;C:\Windows;C:\Windows\System32\Wbem;C:\Windows\System32\WindowsPowerShell\v1.0\;C:\Program Files (x86)\Skype\Phone\;C:\Program Files\nodejs\;c:\Program Files\WIDCOMM\Bluetooth Software\;c:\Program Files\WIDCOMM\Bluetooth Software\syswow64;C:\Program Files\Git\cmd;c:\Apache24\bin;c:\php;C:\Users\MAM\AppData\Roaming\npm;C:\Program Files\Java\jdk-9.0.1\bin;C:\Program Files\Microsoft VS Code\bin
USERNAME=MAM
OS=Windows_NT
PROCESSOR_IDENTIFIER=Intel64 Family 6 Model 37 Stepping 5, GenuineIntel



---------------  S Y S T E M  ---------------

OS: Windows 7 , 64 bit Build 7601 (6.1.7601.19135)

CPU:total 4 (initial active 4) (2 cores per cpu, 2 threads per core) family 6 model 37 stepping 5, cmov, cx8, fxsr, mmx, sse, sse2, sse3, ssse3, sse4.1, sse4.2, popcnt, aes, clmul, ht, tsc, tscinvbit

Memory: 4k page, physical 3980676k(263524k free), swap 6099492k(3836k free)

vm_info: OpenJDK 64-Bit Server VM (25.152-b01) for windows-amd64 JRE (1.8.0_152-release-1136-b01), built by "builder" with MS VC++ 10.0 (VS2010)

time: Sun Apr 15 19:27:41 2018
elapsed time: 73 seconds (0d 0h 1m 13s)

