#
# There is insufficient memory for the Java Runtime Environment to continue.
# Native memory allocation (malloc) failed to allocate 527200 bytes for Chunk::new
# Possible reasons:
#   The system is out of physical RAM or swap space
#   In 32 bit mode, the process size limit was hit
# Possible solutions:
#   Reduce memory load on the system
#   Increase physical memory or swap space
#   Check if swap backing store is full
#   Use 64 bit Java on a 64 bit OS
#   Decrease Java heap size (-Xmx/-Xms)
#   Decrease number of Java threads
#   Decrease Java thread stack sizes (-Xss)
#   Set larger code cache with -XX:ReservedCodeCacheSize=
# This output file may be truncated or incomplete.
#
#  Out of Memory Error (allocation.cpp:390), pid=5196, tid=0x0000000000000bf8
#
# JRE version: OpenJDK Runtime Environment (8.0_152-b01) (build 1.8.0_152-release-1136-b01)
# Java VM: OpenJDK 64-Bit Server VM (25.152-b01 mixed mode windows-amd64 compressed oops)
# Failed to write core dump. Minidumps are not enabled by default on client versions of Windows
#

---------------  T H R E A D  ---------------

Current thread (0x0000000056453800):  JavaThread "C2 CompilerThread0" daemon [_thread_in_native, id=3064, stack(0x0000000057b40000,0x0000000057c40000)]

Stack: [0x0000000057b40000,0x0000000057c40000]
[error occurred during error reporting (printing stack bounds), id 0xc0000005]

Native frames: (J=compiled Java code, j=interpreted, Vv=VM code, C=native code)


Current CompileTask:
C2:  15082 1319       4       java.net.URLClassLoader$1::run (5 bytes)


---------------  P R O C E S S  ---------------

Java Threads: ( => current thread )
  0x0000000059ef5800 JavaThread "Cache worker for file hash cache (C:\Users\MAM\AndroidStudioProjects\JustJava\TicTacToe\.gradle\4.6\fileHashes)" [_thread_blocked, id=5768, stack(0x000000005c3e0000,0x000000005c4e0000)]
  0x0000000057dfe800 JavaThread "File lock request listener" [_thread_in_native, id=5008, stack(0x000000005b2c0000,0x000000005b3c0000)]
  0x0000000059abb000 JavaThread "Cache worker for file hash cache (C:\Users\MAM\.gradle\caches\4.6\fileHashes)" [_thread_blocked, id=2344, stack(0x000000005b030000,0x000000005b130000)]
  0x0000000057dac800 JavaThread "Stdin handler" [_thread_blocked, id=5320, stack(0x000000005ad10000,0x000000005ae10000)]
  0x00000000590ed800 JavaThread "Asynchronous log dispatcher for DefaultDaemonConnection: socket connection from /127.0.0.1:49500 to /127.0.0.1:49503" [_thread_blocked, id=4188, stack(0x000000005a700000,0x000000005a800000)]
  0x0000000058cf1800 JavaThread "Daemon worker" [_thread_in_vm, id=1744, stack(0x0000000058ec0000,0x0000000058fc0000)]
  0x0000000058cf1000 JavaThread "Cancel handler" [_thread_blocked, id=6072, stack(0x000000005abc0000,0x000000005acc0000)]
  0x0000000058ce8800 JavaThread "Handler for socket connection from /127.0.0.1:49500 to /127.0.0.1:49503" [_thread_in_native, id=5696, stack(0x000000005a810000,0x000000005a910000)]
  0x0000000058ce8000 JavaThread "Daemon" [_thread_blocked, id=5268, stack(0x000000005a480000,0x000000005a580000)]
  0x00000000590f7800 JavaThread "Daemon periodic checks" [_thread_blocked, id=5820, stack(0x000000005a5d0000,0x000000005a6d0000)]
  0x00000000590ef800 JavaThread "Incoming local TCP Connector on port 49500" [_thread_in_native, id=1452, stack(0x000000005a370000,0x000000005a470000)]
  0x0000000057cbf000 JavaThread "Service Thread" daemon [_thread_blocked, id=1992, stack(0x0000000058580000,0x0000000058680000)]
  0x0000000057c9e000 JavaThread "C1 CompilerThread2" daemon [_thread_blocked, id=5148, stack(0x00000000583b0000,0x00000000584b0000)]
  0x0000000057c8f800 JavaThread "C2 CompilerThread1" daemon [_thread_in_native, id=2328, stack(0x00000000581d0000,0x00000000582d0000)]
=>0x0000000056453800 JavaThread "C2 CompilerThread0" daemon [_thread_in_native, id=3064, stack(0x0000000057b40000,0x0000000057c40000)]
  0x0000000056450000 JavaThread "Attach Listener" daemon [_thread_blocked, id=2012, stack(0x0000000057640000,0x0000000057740000)]
  0x000000005644e800 JavaThread "Signal Dispatcher" daemon [_thread_blocked, id=5020, stack(0x0000000057950000,0x0000000057a50000)]
  0x0000000056438000 JavaThread "Finalizer" daemon [_thread_blocked, id=2088, stack(0x0000000057760000,0x0000000057860000)]
  0x00000000563f0800 JavaThread "Reference Handler" daemon [_thread_blocked, id=540, stack(0x0000000057360000,0x0000000057460000)]
  0x000000000227e800 JavaThread "main" [_thread_blocked, id=5300, stack(0x00000000024a0000,0x00000000025a0000)]

Other Threads:
  0x00000000563e9000 VMThread [stack: 0x0000000057510000,0x0000000057610000] [id=6132]
  0x0000000057c9f000 WatcherThread [stack: 0x0000000058040000,0x0000000058140000] [id=224]

VM state:not at safepoint (normal execution)

VM Mutex/Monitor currently owned by a thread: None

Heap:
 PSYoungGen      total 34304K, used 16156K [0x00000000e0000000, 0x00000000e4a00000, 0x0000000100000000)
  eden space 31744K, 42% used [0x00000000e0000000,0x00000000e0d4f3d0,0x00000000e1f00000)
  from space 2560K, 98% used [0x00000000e1f00000,0x00000000e2178020,0x00000000e2180000)
  to   space 6144K, 0% used [0x00000000e4400000,0x00000000e4400000,0x00000000e4a00000)
 ParOldGen       total 42496K, used 5918K [0x00000000a0000000, 0x00000000a2980000, 0x00000000e0000000)
  object space 42496K, 13% used [0x00000000a0000000,0x00000000a05c79a8,0x00000000a2980000)
 Metaspace       used 15098K, capacity 15516K, committed 15616K, reserved 1062912K
  class space    used 2139K, capacity 2284K, committed 2304K, reserved 1048576K

Card table byte_map: [0x0000000011c30000,0x0000000011f40000] byte_map_base: 0x0000000011730000

Marking Bits: (ParMarkBitMap*) 0x0000000065d25aa0
 Begin Bits: [0x0000000012760000, 0x0000000013f60000)
 End Bits:   [0x0000000013f60000, 0x0000000015760000)

Polling page: 0x0000000000230000

CodeCache: size=245760Kb used=4884Kb max_used=4892Kb free=240875Kb
 bounds [0x0000000002870000, 0x0000000002d40000, 0x0000000011870000]
 total_blobs=1801 nmethods=1433 adapters=282
 compilation: enabled

Compilation events (10 events):
Event: 14.846 Thread 0x0000000057c9e000 nmethod 1432 0x0000000002d30310 code [0x0000000002d30480, 0x0000000002d308c8]
Event: 14.849 Thread 0x0000000057c9e000 1433   !   3       org.gradle.internal.classloader.TransformingClassLoader::findClass (203 bytes)
Event: 14.853 Thread 0x0000000057c9e000 nmethod 1433 0x0000000002d309d0 code [0x0000000002d30e20, 0x0000000002d33558]
Event: 14.853 Thread 0x0000000057c9e000 1434       3       org.gradle.initialization.MixInLegacyTypesClassLoader::shouldTransform (42 bytes)
Event: 14.853 Thread 0x0000000057c9e000 nmethod 1434 0x0000000002d34cd0 code [0x0000000002d34e60, 0x0000000002d35298]
Event: 14.854 Thread 0x0000000057c8f800 1435       4       java.lang.String::toUpperCase (439 bytes)
Event: 14.876 Thread 0x0000000057c8f800 nmethod 1435 0x0000000002d38a10 code [0x0000000002d38ba0, 0x0000000002d39518]
Event: 14.877 Thread 0x0000000057c9e000 1436       3       java.io.WinNTFileSystem::parentOrNull (171 bytes)
Event: 14.879 Thread 0x0000000057c9e000 nmethod 1436 0x0000000002d373d0 code [0x0000000002d37600, 0x0000000002d38438]
Event: 14.886 Thread 0x0000000057c8f800 1437   !   4       java.net.URLClassLoader$1::run (63 bytes)

GC Heap History (10 events):
Event: 1.794 GC heap before
{Heap before GC invocations=1 (full 0):
 PSYoungGen      total 18432K, used 15872K [0x00000000e0000000, 0x00000000e1480000, 0x0000000100000000)
  eden space 15872K, 100% used [0x00000000e0000000,0x00000000e0f80000,0x00000000e0f80000)
  from space 2560K, 0% used [0x00000000e1200000,0x00000000e1200000,0x00000000e1480000)
  to   space 2560K, 0% used [0x00000000e0f80000,0x00000000e0f80000,0x00000000e1200000)
 ParOldGen       total 42496K, used 0K [0x00000000a0000000, 0x00000000a2980000, 0x00000000e0000000)
  object space 42496K, 0% used [0x00000000a0000000,0x00000000a0000000,0x00000000a2980000)
 Metaspace       used 5747K, capacity 5854K, committed 5888K, reserved 1056768K
  class space    used 705K, capacity 747K, committed 768K, reserved 1048576K
Event: 1.809 GC heap after
Heap after GC invocations=1 (full 0):
 PSYoungGen      total 18432K, used 2535K [0x00000000e0000000, 0x00000000e1480000, 0x0000000100000000)
  eden space 15872K, 0% used [0x00000000e0000000,0x00000000e0000000,0x00000000e0f80000)
  from space 2560K, 99% used [0x00000000e0f80000,0x00000000e11f9d08,0x00000000e1200000)
  to   space 2560K, 0% used [0x00000000e1200000,0x00000000e1200000,0x00000000e1480000)
 ParOldGen       total 42496K, used 228K [0x00000000a0000000, 0x00000000a2980000, 0x00000000e0000000)
  object space 42496K, 0% used [0x00000000a0000000,0x00000000a0039398,0x00000000a2980000)
 Metaspace       used 5747K, capacity 5854K, committed 5888K, reserved 1056768K
  class space    used 705K, capacity 747K, committed 768K, reserved 1048576K
}
Event: 2.429 GC heap before
{Heap before GC invocations=2 (full 0):
 PSYoungGen      total 18432K, used 18407K [0x00000000e0000000, 0x00000000e1480000, 0x0000000100000000)
  eden space 15872K, 100% used [0x00000000e0000000,0x00000000e0f80000,0x00000000e0f80000)
  from space 2560K, 99% used [0x00000000e0f80000,0x00000000e11f9d08,0x00000000e1200000)
  to   space 2560K, 0% used [0x00000000e1200000,0x00000000e1200000,0x00000000e1480000)
 ParOldGen       total 42496K, used 228K [0x00000000a0000000, 0x00000000a2980000, 0x00000000e0000000)
  object space 42496K, 0% used [0x00000000a0000000,0x00000000a0039398,0x00000000a2980000)
 Metaspace       used 6644K, capacity 6766K, committed 7040K, reserved 1056768K
  class space    used 807K, capacity 875K, committed 896K, reserved 1048576K
Event: 2.457 GC heap after
Heap after GC invocations=2 (full 0):
 PSYoungGen      total 18432K, used 2553K [0x00000000e0000000, 0x00000000e2400000, 0x0000000100000000)
  eden space 15872K, 0% used [0x00000000e0000000,0x00000000e0000000,0x00000000e0f80000)
  from space 2560K, 99% used [0x00000000e1200000,0x00000000e147e5e8,0x00000000e1480000)
  to   space 2560K, 0% used [0x00000000e0f80000,0x00000000e0f80000,0x00000000e1200000)
 ParOldGen       total 42496K, used 300K [0x00000000a0000000, 0x00000000a2980000, 0x00000000e0000000)
  object space 42496K, 0% used [0x00000000a0000000,0x00000000a004b398,0x00000000a2980000)
 Metaspace       used 6644K, capacity 6766K, committed 7040K, reserved 1056768K
  class space    used 807K, capacity 875K, committed 896K, reserved 1048576K
}
Event: 2.872 GC heap before
{Heap before GC invocations=3 (full 0):
 PSYoungGen      total 18432K, used 18425K [0x00000000e0000000, 0x00000000e2400000, 0x0000000100000000)
  eden space 15872K, 100% used [0x00000000e0000000,0x00000000e0f80000,0x00000000e0f80000)
  from space 2560K, 99% used [0x00000000e1200000,0x00000000e147e5e8,0x00000000e1480000)
  to   space 2560K, 0% used [0x00000000e0f80000,0x00000000e0f80000,0x00000000e1200000)
 ParOldGen       total 42496K, used 300K [0x00000000a0000000, 0x00000000a2980000, 0x00000000e0000000)
  object space 42496K, 0% used [0x00000000a0000000,0x00000000a004b398,0x00000000a2980000)
 Metaspace       used 6894K, capacity 7016K, committed 7168K, reserved 1056768K
  class space    used 855K, capacity 916K, committed 1024K, reserved 1048576K
Event: 2.878 GC heap after
Heap after GC invocations=3 (full 0):
 PSYoungGen      total 18432K, used 2528K [0x00000000e0000000, 0x00000000e2400000, 0x0000000100000000)
  eden space 15872K, 0% used [0x00000000e0000000,0x00000000e0000000,0x00000000e0f80000)
  from space 2560K, 98% used [0x00000000e0f80000,0x00000000e11f8020,0x00000000e1200000)
  to   space 2560K, 0% used [0x00000000e2180000,0x00000000e2180000,0x00000000e2400000)
 ParOldGen       total 42496K, used 526K [0x00000000a0000000, 0x00000000a2980000, 0x00000000e0000000)
  object space 42496K, 1% used [0x00000000a0000000,0x00000000a0083bc0,0x00000000a2980000)
 Metaspace       used 6894K, capacity 7016K, committed 7168K, reserved 1056768K
  class space    used 855K, capacity 916K, committed 1024K, reserved 1048576K
}
Event: 9.845 GC heap before
{Heap before GC invocations=4 (full 0):
 PSYoungGen      total 18432K, used 18400K [0x00000000e0000000, 0x00000000e2400000, 0x0000000100000000)
  eden space 15872K, 100% used [0x00000000e0000000,0x00000000e0f80000,0x00000000e0f80000)
  from space 2560K, 98% used [0x00000000e0f80000,0x00000000e11f8020,0x00000000e1200000)
  to   space 2560K, 0% used [0x00000000e2180000,0x00000000e2180000,0x00000000e2400000)
 ParOldGen       total 42496K, used 526K [0x00000000a0000000, 0x00000000a2980000, 0x00000000e0000000)
  object space 42496K, 1% used [0x00000000a0000000,0x00000000a0083bc0,0x00000000a2980000)
 Metaspace       used 10451K, capacity 10664K, committed 10752K, reserved 1058816K
  class space    used 1362K, capacity 1486K, committed 1536K, reserved 1048576K
Event: 9.854 GC heap after
Heap after GC invocations=4 (full 0):
 PSYoungGen      total 34304K, used 2560K [0x00000000e0000000, 0x00000000e2400000, 0x0000000100000000)
  eden space 31744K, 0% used [0x00000000e0000000,0x00000000e0000000,0x00000000e1f00000)
  from space 2560K, 100% used [0x00000000e2180000,0x00000000e2400000,0x00000000e2400000)
  to   space 2560K, 0% used [0x00000000e1f00000,0x00000000e1f00000,0x00000000e2180000)
 ParOldGen       total 42496K, used 2354K [0x00000000a0000000, 0x00000000a2980000, 0x00000000e0000000)
  object space 42496K, 5% used [0x00000000a0000000,0x00000000a024c988,0x00000000a2980000)
 Metaspace       used 10451K, capacity 10664K, committed 10752K, reserved 1058816K
  class space    used 1362K, capacity 1486K, committed 1536K, reserved 1048576K
}
Event: 14.481 GC heap before
{Heap before GC invocations=5 (full 0):
 PSYoungGen      total 34304K, used 34304K [0x00000000e0000000, 0x00000000e2400000, 0x0000000100000000)
  eden space 31744K, 100% used [0x00000000e0000000,0x00000000e1f00000,0x00000000e1f00000)
  from space 2560K, 100% used [0x00000000e2180000,0x00000000e2400000,0x00000000e2400000)
  to   space 2560K, 0% used [0x00000000e1f00000,0x00000000e1f00000,0x00000000e2180000)
 ParOldGen       total 42496K, used 2354K [0x00000000a0000000, 0x00000000a2980000, 0x00000000e0000000)
  object space 42496K, 5% used [0x00000000a0000000,0x00000000a024c988,0x00000000a2980000)
 Metaspace       used 13728K, capacity 14012K, committed 14208K, reserved 1060864K
  class space    used 1914K, capacity 2060K, committed 2176K, reserved 1048576K
Event: 14.492 GC heap after
Heap after GC invocations=5 (full 0):
 PSYoungGen      total 34304K, used 2528K [0x00000000e0000000, 0x00000000e4a00000, 0x0000000100000000)
  eden space 31744K, 0% used [0x00000000e0000000,0x00000000e0000000,0x00000000e1f00000)
  from space 2560K, 98% used [0x00000000e1f00000,0x00000000e2178020,0x00000000e2180000)
  to   space 6144K, 0% used [0x00000000e4400000,0x00000000e4400000,0x00000000e4a00000)
 ParOldGen       total 42496K, used 5918K [0x00000000a0000000, 0x00000000a2980000, 0x00000000e0000000)
  object space 42496K, 13% used [0x00000000a0000000,0x00000000a05c79a8,0x00000000a2980000)
 Metaspace       used 13728K, capacity 14012K, committed 14208K, reserved 1060864K
  class space    used 1914K, capacity 2060K, committed 2176K, reserved 1048576K
}

Deoptimization events (10 events):
Event: 3.662 Thread 0x000000000227e800 Uncommon trap: reason=bimorphic action=maybe_recompile pc=0x0000000002b97430 method=java.util.HashMap.putVal(ILjava/lang/Object;Ljava/lang/Object;ZZ)Ljava/lang/Object; @ 203
Event: 7.289 Thread 0x000000000227e800 Uncommon trap: reason=unstable_if action=reinterpret pc=0x0000000002b3b21c method=java.io.WinNTFileSystem.normalize(Ljava/lang/String;)Ljava/lang/String; @ 128
Event: 7.289 Thread 0x000000000227e800 Uncommon trap: reason=unstable_if action=reinterpret pc=0x0000000002b820ac method=java.io.WinNTFileSystem.normalize(Ljava/lang/String;II)Ljava/lang/String; @ 90
Event: 12.327 Thread 0x0000000058ce8800 Uncommon trap: reason=unstable_if action=reinterpret pc=0x0000000002c845d0 method=java.util.concurrent.ConcurrentHashMap.putVal(Ljava/lang/Object;Ljava/lang/Object;Z)Ljava/lang/Object; @ 206
Event: 12.583 Thread 0x0000000058cf1800 Uncommon trap: reason=bimorphic action=maybe_recompile pc=0x0000000002b96568 method=java.util.HashMap.putVal(ILjava/lang/Object;Ljava/lang/Object;ZZ)Ljava/lang/Object; @ 253
Event: 12.585 Thread 0x0000000058cf1800 Uncommon trap: reason=bimorphic action=maybe_recompile pc=0x0000000002b96568 method=java.util.HashMap.putVal(ILjava/lang/Object;Ljava/lang/Object;ZZ)Ljava/lang/Object; @ 253
Event: 12.586 Thread 0x0000000058cf1800 Uncommon trap: reason=bimorphic action=maybe_recompile pc=0x0000000002b96568 method=java.util.HashMap.putVal(ILjava/lang/Object;Ljava/lang/Object;ZZ)Ljava/lang/Object; @ 253
Event: 13.870 Thread 0x0000000058cf1800 Uncommon trap: reason=class_check action=maybe_recompile pc=0x0000000002ad380c method=java.util.regex.Matcher.match(II)Z @ 86
Event: 14.427 Thread 0x0000000058cf1800 Uncommon trap: reason=class_check action=maybe_recompile pc=0x0000000002ad380c method=java.util.regex.Matcher.match(II)Z @ 86
Event: 14.609 Thread 0x0000000058cf1800 Uncommon trap: reason=unstable_if action=reinterpret pc=0x0000000002cca7b4 method=java.lang.String.lastIndexOf([CII[CIII)I @ 66

Classes redefined (0 events):
No events

Internal exceptions (10 events):
Event: 12.364 Thread 0x0000000058ce8800 Exception <a 'java/lang/NoSuchMethodError': <clinit>> (0x00000000e05371f0) thrown at [D:\src\AOSP-openjdk-cygwin\jdk8u\hotspot\src\share\vm\prims\jni.cpp, line 1613]
Event: 12.367 Thread 0x0000000058ce8800 Exception <a 'java/lang/NoSuchMethodError': <clinit>> (0x00000000e0548840) thrown at [D:\src\AOSP-openjdk-cygwin\jdk8u\hotspot\src\share\vm\prims\jni.cpp, line 1613]
Event: 12.440 Thread 0x0000000058ce8800 Exception <a 'java/lang/NoSuchMethodError': <clinit>> (0x00000000e05bbf08) thrown at [D:\src\AOSP-openjdk-cygwin\jdk8u\hotspot\src\share\vm\prims\jni.cpp, line 1613]
Event: 12.445 Thread 0x0000000058ce8800 Exception <a 'java/lang/NoSuchMethodError': <clinit>> (0x00000000e05e1218) thrown at [D:\src\AOSP-openjdk-cygwin\jdk8u\hotspot\src\share\vm\prims\jni.cpp, line 1613]
Event: 12.475 Thread 0x0000000058ce8800 Exception <a 'java/lang/NoSuchMethodError': <clinit>> (0x00000000e060d358) thrown at [D:\src\AOSP-openjdk-cygwin\jdk8u\hotspot\src\share\vm\prims\jni.cpp, line 1613]
Event: 12.477 Thread 0x0000000058ce8800 Exception <a 'java/lang/NoSuchMethodError': <clinit>> (0x00000000e06186f8) thrown at [D:\src\AOSP-openjdk-cygwin\jdk8u\hotspot\src\share\vm\prims\jni.cpp, line 1613]
Event: 12.479 Thread 0x0000000058ce8800 Exception <a 'java/lang/NoSuchMethodError': <clinit>> (0x00000000e0623f70) thrown at [D:\src\AOSP-openjdk-cygwin\jdk8u\hotspot\src\share\vm\prims\jni.cpp, line 1613]
Event: 12.485 Thread 0x0000000058ce8800 Exception <a 'java/lang/NoSuchMethodError': <clinit>> (0x00000000e0645dc8) thrown at [D:\src\AOSP-openjdk-cygwin\jdk8u\hotspot\src\share\vm\prims\jni.cpp, line 1613]
Event: 12.556 Thread 0x0000000058cf1800 Exception <a 'java/lang/NoSuchMethodError': <clinit>> (0x00000000e06eecd0) thrown at [D:\src\AOSP-openjdk-cygwin\jdk8u\hotspot\src\share\vm\prims\jni.cpp, line 1613]
Event: 12.557 Thread 0x0000000058cf1800 Exception <a 'java/lang/NoSuchMethodError': <clinit>> (0x00000000e06f6f58) thrown at [D:\src\AOSP-openjdk-cygwin\jdk8u\hotspot\src\share\vm\prims\jni.cpp, line 1613]

Events (10 events):
Event: 14.884 loading class org/apache/commons/collections/map/AbstractHashedMap$KeySet
Event: 14.884 loading class org/apache/commons/collections/map/AbstractHashedMap$KeySet done
Event: 14.885 loading class org/apache/commons/collections/map/AbstractReferenceMap$ReferenceKeySet
Event: 14.885 loading class org/apache/commons/collections/map/AbstractReferenceMap$ReferenceKeySet done
Event: 14.885 loading class org/apache/commons/collections/map/AbstractHashedMap$EntrySet
Event: 14.885 loading class org/apache/commons/collections/map/AbstractHashedMap$EntrySet done
Event: 14.885 loading class org/apache/commons/collections/map/AbstractReferenceMap$ReferenceEntrySet
Event: 14.885 loading class org/apache/commons/collections/map/AbstractReferenceMap$ReferenceEntrySet done
Event: 14.886 loading class org/apache/commons/collections/map/AbstractHashedMap$Values
Event: 14.886 loading class org/apache/commons/collections/map/AbstractHashedMap$Values done


Dynamic libraries:
0x000000013f750000 - 0x000000013f781000 	C:\Program Files\Android\Android Studio\jre\bin\java.exe
0x0000000077340000 - 0x00000000774ea000 	C:\Windows\SYSTEM32\ntdll.dll
0x0000000077220000 - 0x000000007733f000 	C:\Windows\system32\kernel32.dll
0x000007fefd390000 - 0x000007fefd3fb000 	C:\Windows\system32\KERNELBASE.dll
0x000007fefd8c0000 - 0x000007fefd99b000 	C:\Windows\system32\ADVAPI32.dll
0x000007fefd820000 - 0x000007fefd8bf000 	C:\Windows\system32\msvcrt.dll
0x000007fefe510000 - 0x000007fefe52f000 	C:\Windows\SYSTEM32\sechost.dll
0x000007fefdcc0000 - 0x000007fefdded000 	C:\Windows\system32\RPCRT4.dll
0x0000000077120000 - 0x000000007721a000 	C:\Windows\system32\USER32.dll
0x000007fefdf70000 - 0x000007fefdfd7000 	C:\Windows\system32\GDI32.dll
0x000007fefdfe0000 - 0x000007fefdfee000 	C:\Windows\system32\LPK.dll
0x000007fefd750000 - 0x000007fefd819000 	C:\Windows\system32\USP10.dll
0x000007fefbcb0000 - 0x000007fefbea4000 	C:\Windows\WinSxS\amd64_microsoft.windows.common-controls_6595b64144ccf1df_6.0.7601.18837_none_fa3b1e3d17594757\COMCTL32.dll
0x000007fefd9a0000 - 0x000007fefda11000 	C:\Windows\system32\SHLWAPI.dll
0x000007fefde50000 - 0x000007fefde7e000 	C:\Windows\system32\IMM32.DLL
0x000007fefda20000 - 0x000007fefdb29000 	C:\Windows\system32\MSCTF.dll
0x0000000069270000 - 0x0000000069342000 	C:\Program Files\Android\Android Studio\jre\jre\bin\msvcr100.dll
0x0000000065560000 - 0x0000000065da1000 	C:\Program Files\Android\Android Studio\jre\jre\bin\server\jvm.dll
0x000007fef7480000 - 0x000007fef7489000 	C:\Windows\system32\WSOCK32.dll
0x000007fefde80000 - 0x000007fefdecd000 	C:\Windows\system32\WS2_32.dll
0x000007feff360000 - 0x000007feff368000 	C:\Windows\system32\NSI.dll
0x000007fef75d0000 - 0x000007fef760b000 	C:\Windows\system32\WINMM.dll
0x000007fefc3a0000 - 0x000007fefc3ac000 	C:\Windows\system32\VERSION.dll
0x0000000077510000 - 0x0000000077517000 	C:\Windows\system32\PSAPI.DLL
0x000007fef1230000 - 0x000007fef123f000 	C:\Program Files\Android\Android Studio\jre\jre\bin\verify.dll
0x000007fef1200000 - 0x000007fef1229000 	C:\Program Files\Android\Android Studio\jre\jre\bin\java.dll
0x000007fef11e0000 - 0x000007fef11f6000 	C:\Program Files\Android\Android Studio\jre\jre\bin\zip.dll
0x000007fefe530000 - 0x000007feff2ba000 	C:\Windows\system32\SHELL32.dll
0x000007fefe1d0000 - 0x000007fefe3d3000 	C:\Windows\system32\ole32.dll
0x000007fefd240000 - 0x000007fefd24f000 	C:\Windows\system32\profapi.dll
0x000007fef11c0000 - 0x000007fef11da000 	C:\Program Files\Android\Android Studio\jre\jre\bin\net.dll
0x000007fefcab0000 - 0x000007fefcb05000 	C:\Windows\system32\mswsock.dll
0x000007fefcaa0000 - 0x000007fefcaa7000 	C:\Windows\System32\wship6.dll
0x000007fef11a0000 - 0x000007fef11b1000 	C:\Program Files\Android\Android Studio\jre\jre\bin\nio.dll
0x000007fef7060000 - 0x000007fef707e000 	C:\Users\MAM\.gradle\native\25\windows-amd64\native-platform.dll
0x000007fef2550000 - 0x000007fef255d000 	C:\Program Files\Android\Android Studio\jre\jre\bin\management.dll
0x000007fefcb10000 - 0x000007fefcb27000 	C:\Windows\system32\CRYPTSP.dll
0x000007fefc810000 - 0x000007fefc857000 	C:\Windows\system32\rsaenh.dll
0x000007fefc590000 - 0x000007fefc5ae000 	C:\Windows\system32\USERENV.dll
0x000007fefd170000 - 0x000007fefd17f000 	C:\Windows\system32\CRYPTBASE.dll
0x000007fefa860000 - 0x000007fefa887000 	C:\Windows\system32\IPHLPAPI.DLL
0x000007fefa850000 - 0x000007fefa85b000 	C:\Windows\system32\WINNSI.DLL
0x000007fef8910000 - 0x000007fef8928000 	C:\Windows\system32\dhcpcsvc.DLL
0x000007fef88b0000 - 0x000007fef88c1000 	C:\Windows\system32\dhcpcsvc6.DLL

VM Arguments:
jvm_args: -Xmx1536m -Dfile.encoding=windows-1252 -Duser.country=US -Duser.language=en -Duser.variant 
java_command: org.gradle.launcher.daemon.bootstrap.GradleDaemon 4.6
java_class_path (initial): C:\Users\MAM\.gradle\wrapper\dists\gradle-4.6-all\bcst21l2brirad8k2ben1letg\gradle-4.6\lib\gradle-launcher-4.6.jar
Launcher Type: SUN_STANDARD

Environment Variables:
PATH=C:\ProgramData\Oracle\Java\javapath;C:\Windows\system32;C:\Windows;C:\Windows\System32\Wbem;C:\Windows\System32\WindowsPowerShell\v1.0\;C:\Program Files (x86)\Skype\Phone\;C:\Program Files\nodejs\;c:\Program Files\WIDCOMM\Bluetooth Software\;c:\Program Files\WIDCOMM\Bluetooth Software\syswow64;C:\Program Files\Git\cmd;c:\Apache24\bin;c:\php;C:\Users\MAM\AppData\Roaming\npm;C:\Program Files\Java\jdk-9.0.1\bin;C:\Program Files\Microsoft VS Code\bin
USERNAME=MAM
OS=Windows_NT
PROCESSOR_IDENTIFIER=Intel64 Family 6 Model 37 Stepping 5, GenuineIntel



---------------  S Y S T E M  ---------------

OS: Windows 7 , 64 bit Build 7601 (6.1.7601.19135)

CPU:total 4 (initial active 4) (2 cores per cpu, 2 threads per core) family 6 model 37 stepping 5, cmov, cx8, fxsr, mmx, sse, sse2, sse3, ssse3, sse4.1, sse4.2, popcnt, aes, clmul, ht, tsc, tscinvbit

Memory: 4k page, physical 3980676k(452344k free), swap 5803472k(3344k free)

vm_info: OpenJDK 64-Bit Server VM (25.152-b01) for windows-amd64 JRE (1.8.0_152-release-1136-b01), built by "builder" with MS VC++ 10.0 (VS2010)

time: Sun Apr 08 07:11:13 2018
elapsed time: 15 seconds (0d 0h 0m 15s)

